#
# A fatal error has been detected by the Java Runtime Environment:
#
#  SIGSEGV (0xb) at pc=0x000000011367a3fd, pid=11661, tid=775
#
# JRE version: Java(TM) SE Runtime Environment (8.0_25-b17) (build 1.8.0_25-b17)
# Java VM: Java HotSpot(TM) 64-Bit Server VM (25.25-b02 mixed mode bsd-amd64 compressed oops)
# Problematic frame:
# C  [libglass.dylib+0x163fd]  GlassScreenDidChangeScreenParameters+0x9d
#
# Failed to write core dump. Core dumps have been disabled. To enable core dumping, try "ulimit -c unlimited" before starting Java again
#
# If you would like to submit a bug report, please visit:
#   http://bugreport.sun.com/bugreport/crash.jsp
#

---------------  T H R E A D  ---------------

Current thread is native thread

siginfo: si_signo: 11 (SIGSEGV), si_code: 1 (SEGV_MAPERR), si_addr: 0x0000000000000000

Registers:
RAX=0x00000001136ace40, RBX=0x0000000000000000, RCX=0xcb6b7a2e1d51008d, RDX=0x00007fb51375a0e8
RSP=0x00007ffee48304a0, RBP=0x00007ffee48304b0, RSI=0x00007fb51360f1b8, RDI=0x0000000000000000
R8 =0x00007fff97ea4048, R9 =0x0000000000000040, R10=0x00007fff97ea4040, R11=0xffffffffffffffff
R12=0x0000000000000000, R13=0x00007fb513640260, R14=0x00007fb51afa1090, R15=0x0000000000000000
RIP=0x000000011367a3fd, EFLAGS=0x0000000000010206, ERR=0x0000000000000004
  TRAPNO=0x000000000000000e

Top of Stack: (sp=0x00007ffee48304a0)
0x00007ffee48304a0:   00007fb513608820 00007fb51afa1090
0x00007ffee48304b0:   00007ffee48304c0 00007fff3756dbbc
0x00007ffee48304c0:   00007ffee4830530 00007fff3756daaa
0x00007ffee48304d0:   00007fb5151baaf0 00007fff97e9f060
0x00007ffee48304e0:   00000000c2000000 00007fff3756db10
0x00007ffee48304f0:   00007fff917a2b38 00007fb513640260
0x00007ffee4830500:   00007fb51afa1090 00007ffee4830d78
0x00007ffee4830510:   00007fff5e26de80 0000000000000000
0x00007ffee4830520:   00007fb513640260 00007fff357c9058
0x00007ffee4830530:   00007ffee4830570 00007fff3756d7f2
0x00007ffee4830540:   00007ffee4830b40 0000000000000000
0x00007ffee4830550:   00007fff5e26de80 0000000000000000
0x00007ffee4830560:   00007ffee4830d78 00007fff357c9058
0x00007ffee4830570:   00007ffee4830c90 00007fff3752b670
0x00007ffee4830580:   00007fb51b0565e0 00000000e4830800
0x00007ffee4830590:   00007fb51350bf10 00007fff918dbc01
0x00007ffee48305a0:   0000000000000000 00007fb5135443b0
0x00007ffee48305b0:   00007fff918dbcc0 00007fff917e4998
0x00007ffee48305c0:   00007fff917a4b50 000000010b3e8080
0x00007ffee48305d0:   0000000000000000 00007fb5136402a0
0x00007ffee48305e0:   0000000000000000 0000000000000000
0x00007ffee48305f0:   00007ffee4830b40 0000000000000001
0x00007ffee4830600:   0000000000000100 0000000000000100
0x00007ffee4830610:   00007ffee4830a40 0000000000000000
0x00007ffee4830620:   0000000000000100 00007fb518300000
0x00007ffee4830630:   000000010b3ebe00 00007fb5140c8050
0x00007ffee4830640:   000000010b3ebe00 0000000000000019
0x00007ffee4830650:   000000010b3e8080 00007fb518300000
0x00007ffee4830660:   00007ffee48306c0 00007fff5f02b254
0x00007ffee4830670:   000000010b3ebe00 00007fb518300000
0x00007ffee4830680:   0000000000001400 000000010b3e8080
0x00007ffee4830690:   00007ffee4830720 00007fff5f02a758 

Instructions: (pc=0x000000011367a3fd)
0x000000011367a3dd:   89 df 4c 89 f1 41 ff 90 68 04 00 00 48 8d 05 58
0x000000011367a3ed:   29 03 00 48 8b 30 48 8d 05 46 2a 03 00 48 8b 10
0x000000011367a3fd:   48 8b 0b 30 c0 48 89 df ff 91 68 04 00 00 48 8b
0x000000011367a40d:   03 48 89 df ff 50 78 48 85 c0 74 36 49 89 c6 48 

Register to memory mapping:

RAX=0x00000001136ace40: jScreenNotifySettingsChanged+0 in /Library/Java/JavaVirtualMachines/jdk1.8.0_25.jdk/Contents/Home/jre/lib/libglass.dylib at 0x0000000113664000
RBX=0x0000000000000000 is an unknown value
RCX=0xcb6b7a2e1d51008d is an unknown value
RDX=0x00007fb51375a0e8 is an unknown value
RSP=0x00007ffee48304a0 is an unknown value
RBP=0x00007ffee48304b0 is an unknown value
RSI=0x00007fb51360f1b8 is a global jni handle
RDI=0x0000000000000000 is an unknown value
R8 =0x00007fff97ea4048: __sFX+0x1c8 in /usr/lib/system/libsystem_c.dylib at 0x00007fff5eeba000
R9 =0x0000000000000040 is an unknown value
R10=0x00007fff97ea4040: __sFX+0x1c0 in /usr/lib/system/libsystem_c.dylib at 0x00007fff5eeba000
R11=0xffffffffffffffff is an unknown value
R12=0x0000000000000000 is an unknown value
R13=0x00007fb513640260 is an unknown value
R14=0x00007fb51afa1090 is an unknown value
R15=0x0000000000000000 is an unknown value


Stack: [0x00007ffee4034000,0x00007ffee4834000],  sp=0x00007ffee48304a0,  free space=8177k
Native frames: (J=compiled Java code, j=interpreted, Vv=VM code, C=native code)
C  [libglass.dylib+0x163fd]  GlassScreenDidChangeScreenParameters+0x9d
C  [CoreFoundation+0x9abbc]  __CFNOTIFICATIONCENTER_IS_CALLING_OUT_TO_AN_OBSERVER__+0xc
C  [CoreFoundation+0x9aaaa]  _CFXRegistrationPost+0x1ba
C  [CoreFoundation+0x9a7f2]  ___CFXNotificationPost_block_invoke+0x32
C  [CoreFoundation+0x58670]  -[_CFXNotificationRegistrar find:object:observer:enumerator:]+0x680
C  [CoreFoundation+0x577a3]  _CFXNotificationPost+0x253
C  [Foundation+0x6467]  -[NSNotificationCenter postNotificationName:object:userInfo:]+0x42
C  [AppKit+0xbc1723]  -[NSApplication(ScreenHandling) _reactToScreenInvalidationImmediately:]+0x162
C  [AppKit+0xbc1585]  __60-[NSApplication(ScreenHandling) _reactToScreenInvalidation:]_block_invoke+0x3b
C  [CoreFoundation+0xa358c]  __CFRUNLOOP_IS_CALLING_OUT_TO_A_BLOCK__+0xc
C  [CoreFoundation+0x86043]  __CFRunLoopDoBlocks+0x113
C  [CoreFoundation+0x85e08]  __CFRunLoopRun+0xc38
C  [CoreFoundation+0x84f43]  CFRunLoopRunSpecific+0x1e3
C  [java+0x56cc]  CreateExecutionEnvironment+0x367
C  [java+0x165c]  JLI_Launch+0x7a0
C  [java+0x768a]  main+0x65
C  [java+0xeb4]  start+0x34


---------------  P R O C E S S  ---------------

VM state:not at safepoint (normal execution)

VM Mutex/Monitor currently owned by a thread: None

Heap:
 PSYoungGen      total 18944K, used 11097K [0x00000007aab00000, 0x00000007ae000000, 0x00000007c0000000)
  eden space 16384K, 52% used [0x00000007aab00000,0x00000007ab3591e8,0x00000007abb00000)
  from space 2560K, 99% used [0x00000007abb00000,0x00000007abd7d298,0x00000007abd80000)
  to   space 13312K, 0% used [0x00000007ad300000,0x00000007ad300000,0x00000007ae000000)
 ParOldGen       total 36864K, used 19448K [0x0000000780000000, 0x0000000782400000, 0x00000007aab00000)
  object space 36864K, 52% used [0x0000000780000000,0x00000007812fe348,0x0000000782400000)
 Metaspace       used 22015K, capacity 22784K, committed 22912K, reserved 1069056K
  class space    used 3044K, capacity 3189K, committed 3200K, reserved 1048576K

Card table byte_map: [0x000000010cfc0000,0x000000010d1c1000] byte_map_base: 0x00000001093c0000

Marking Bits: (ParMarkBitMap*) 0x000000010bca1390
 Begin Bits: [0x000000010d317000, 0x000000010e317000)
 End Bits:   [0x000000010e317000, 0x000000010f317000)

Polling page: 0x000000010c362000

CodeCache: size=245760Kb used=7916Kb max_used=7916Kb free=237844Kb
 bounds [0x0000000118269000, 0x0000000118a39000, 0x0000000127269000]
 total_blobs=3458 nmethods=2742 adapters=630
 compilation: enabled

Compilation events (10 events):
Event: 228.962 Thread 0x00007fb51382a000 2760       3       javafx.scene.Node::isPickOnBounds (19 bytes)
Event: 228.964 Thread 0x00007fb51382a000 nmethod 2760 0x0000000118a1d710 code [0x0000000118a1d8a0, 0x0000000118a1dc68]
Event: 228.994 Thread 0x00007fb51382a000 2761       1       com.sun.prism.Image::getPixelFormat (5 bytes)
Event: 228.994 Thread 0x00007fb51382a000 nmethod 2761 0x0000000118a1eed0 code [0x0000000118a1f020, 0x0000000118a1f130]
Event: 229.265 Thread 0x00007fb51382a000 2762       3       java.util.ArrayList::contains (14 bytes)
Event: 229.265 Thread 0x00007fb51382a000 nmethod 2762 0x0000000118a21750 code [0x0000000118a218c0, 0x0000000118a21b28]
Event: 229.270 Thread 0x00007fb51382a000 2763       3       java.lang.invoke.TypeConvertingMethodAdapter::cast (42 bytes)
Event: 229.271 Thread 0x00007fb51382a000 nmethod 2763 0x0000000118a20dd0 code [0x0000000118a20f80, 0x0000000118a21528]
Event: 229.285 Thread 0x00007fb51382a000 2764       3       java.util.concurrent.locks.AbstractQueuedSynchronizer$Node::predecessor (19 bytes)
Event: 229.285 Thread 0x00007fb51382a000 nmethod 2764 0x0000000118a29b90 code [0x0000000118a29d00, 0x0000000118a29f28]

GC Heap History (10 events):
Event: 3.839 GC heap before
{Heap before GC invocations=2 (full 0):
 PSYoungGen      total 18944K, used 18896K [0x00000007aab00000, 0x00000007ac000000, 0x00000007c0000000)
  eden space 16384K, 100% used [0x00000007aab00000,0x00000007abb00000,0x00000007abb00000)
  from space 2560K, 98% used [0x00000007abb00000,0x00000007abd74030,0x00000007abd80000)
  to   space 2560K, 0% used [0x00000007abd80000,0x00000007abd80000,0x00000007ac000000)
 ParOldGen       total 44032K, used 16K [0x0000000780000000, 0x0000000782b00000, 0x00000007aab00000)
  object space 44032K, 0% used [0x0000000780000000,0x0000000780004000,0x0000000782b00000)
 Metaspace       used 13311K, capacity 14076K, committed 14208K, reserved 1060864K
  class space    used 1940K, capacity 2095K, committed 2176K, reserved 1048576K
Event: 3.861 GC heap after
Heap after GC invocations=2 (full 0):
 PSYoungGen      total 18944K, used 2544K [0x00000007aab00000, 0x00000007ac000000, 0x00000007c0000000)
  eden space 16384K, 0% used [0x00000007aab00000,0x00000007aab00000,0x00000007abb00000)
  from space 2560K, 99% used [0x00000007abd80000,0x00000007abffc040,0x00000007ac000000)
  to   space 2560K, 0% used [0x00000007abb00000,0x00000007abb00000,0x00000007abd80000)
 ParOldGen       total 44032K, used 5857K [0x0000000780000000, 0x0000000782b00000, 0x00000007aab00000)
  object space 44032K, 13% used [0x0000000780000000,0x00000007805b8730,0x0000000782b00000)
 Metaspace       used 13311K, capacity 14076K, committed 14208K, reserved 1060864K
  class space    used 1940K, capacity 2095K, committed 2176K, reserved 1048576K
}
Event: 9.326 GC heap before
{Heap before GC invocations=3 (full 0):
 PSYoungGen      total 18944K, used 18928K [0x00000007aab00000, 0x00000007ac000000, 0x00000007c0000000)
  eden space 16384K, 100% used [0x00000007aab00000,0x00000007abb00000,0x00000007abb00000)
  from space 2560K, 99% used [0x00000007abd80000,0x00000007abffc040,0x00000007ac000000)
  to   space 2560K, 0% used [0x00000007abb00000,0x00000007abb00000,0x00000007abd80000)
 ParOldGen       total 44032K, used 5857K [0x0000000780000000, 0x0000000782b00000, 0x00000007aab00000)
  object space 44032K, 13% used [0x0000000780000000,0x00000007805b8730,0x0000000782b00000)
 Metaspace       used 16165K, capacity 16960K, committed 17152K, reserved 1064960K
  class space    used 2275K, capacity 2437K, committed 2560K, reserved 1048576K
Event: 9.336 GC heap after
Heap after GC invocations=3 (full 0):
 PSYoungGen      total 18944K, used 2528K [0x00000007aab00000, 0x00000007ac000000, 0x00000007c0000000)
  eden space 16384K, 0% used [0x00000007aab00000,0x00000007aab00000,0x00000007abb00000)
  from space 2560K, 98% used [0x00000007abb00000,0x00000007abd78010,0x00000007abd80000)
  to   space 2560K, 0% used [0x00000007abd80000,0x00000007abd80000,0x00000007ac000000)
 ParOldGen       total 44032K, used 8265K [0x0000000780000000, 0x0000000782b00000, 0x00000007aab00000)
  object space 44032K, 18% used [0x0000000780000000,0x0000000780812620,0x0000000782b00000)
 Metaspace       used 16165K, capacity 16960K, committed 17152K, reserved 1064960K
  class space    used 2275K, capacity 2437K, committed 2560K, reserved 1048576K
}
Event: 9.690 GC heap before
{Heap before GC invocations=4 (full 0):
 PSYoungGen      total 18944K, used 13950K [0x00000007aab00000, 0x00000007ac000000, 0x00000007c0000000)
  eden space 16384K, 69% used [0x00000007aab00000,0x00000007ab6279b0,0x00000007abb00000)
  from space 2560K, 98% used [0x00000007abb00000,0x00000007abd78010,0x00000007abd80000)
  to   space 2560K, 0% used [0x00000007abd80000,0x00000007abd80000,0x00000007ac000000)
 ParOldGen       total 44032K, used 8265K [0x0000000780000000, 0x0000000782b00000, 0x00000007aab00000)
  object space 44032K, 18% used [0x0000000780000000,0x0000000780812620,0x0000000782b00000)
 Metaspace       used 20425K, capacity 21212K, committed 21296K, reserved 1067008K
  class space    used 2796K, capacity 2927K, committed 2944K, reserved 1048576K
Event: 9.698 GC heap after
Heap after GC invocations=4 (full 0):
 PSYoungGen      total 18944K, used 2536K [0x00000007aab00000, 0x00000007ac000000, 0x00000007c0000000)
  eden space 16384K, 0% used [0x00000007aab00000,0x00000007aab00000,0x00000007abb00000)
  from space 2560K, 99% used [0x00000007abd80000,0x00000007abffa2f8,0x00000007ac000000)
  to   space 2560K, 0% used [0x00000007abb00000,0x00000007abb00000,0x00000007abd80000)
 ParOldGen       total 44032K, used 10055K [0x0000000780000000, 0x0000000782b00000, 0x00000007aab00000)
  object space 44032K, 22% used [0x0000000780000000,0x00000007809d1f10,0x0000000782b00000)
 Metaspace       used 20425K, capacity 21212K, committed 21296K, reserved 1067008K
  class space    used 2796K, capacity 2927K, committed 2944K, reserved 1048576K
}
Event: 9.698 GC heap before
{Heap before GC invocations=5 (full 1):
 PSYoungGen      total 18944K, used 2536K [0x00000007aab00000, 0x00000007ac000000, 0x00000007c0000000)
  eden space 16384K, 0% used [0x00000007aab00000,0x00000007aab00000,0x00000007abb00000)
  from space 2560K, 99% used [0x00000007abd80000,0x00000007abffa2f8,0x00000007ac000000)
  to   space 2560K, 0% used [0x00000007abb00000,0x00000007abb00000,0x00000007abd80000)
 ParOldGen       total 44032K, used 10055K [0x0000000780000000, 0x0000000782b00000, 0x00000007aab00000)
  object space 44032K, 22% used [0x0000000780000000,0x00000007809d1f10,0x0000000782b00000)
 Metaspace       used 20425K, capacity 21212K, committed 21296K, reserved 1067008K
  class space    used 2796K, capacity 2927K, committed 2944K, reserved 1048576K
Event: 9.751 GC heap after
Heap after GC invocations=5 (full 1):
 PSYoungGen      total 18944K, used 0K [0x00000007aab00000, 0x00000007ac000000, 0x00000007c0000000)
  eden space 16384K, 0% used [0x00000007aab00000,0x00000007aab00000,0x00000007abb00000)
  from space 2560K, 0% used [0x00000007abd80000,0x00000007abd80000,0x00000007ac000000)
  to   space 2560K, 0% used [0x00000007abb00000,0x00000007abb00000,0x00000007abd80000)
 ParOldGen       total 36864K, used 8616K [0x0000000780000000, 0x0000000782400000, 0x00000007aab00000)
  object space 36864K, 23% used [0x0000000780000000,0x000000078086a1e0,0x0000000782400000)
 Metaspace       used 20423K, capacity 21210K, committed 21296K, reserved 1067008K
  class space    used 2795K, capacity 2926K, committed 2944K, reserved 1048576K
}
Event: 10.205 GC heap before
{Heap before GC invocations=6 (full 1):
 PSYoungGen      total 18944K, used 16318K [0x00000007aab00000, 0x00000007ac000000, 0x00000007c0000000)
  eden space 16384K, 99% used [0x00000007aab00000,0x00000007abaef8f8,0x00000007abb00000)
  from space 2560K, 0% used [0x00000007abd80000,0x00000007abd80000,0x00000007ac000000)
  to   space 2560K, 0% used [0x00000007abb00000,0x00000007abb00000,0x00000007abd80000)
 ParOldGen       total 36864K, used 8616K [0x0000000780000000, 0x0000000782400000, 0x00000007aab00000)
  object space 36864K, 23% used [0x0000000780000000,0x000000078086a1e0,0x0000000782400000)
 Metaspace       used 21881K, capacity 22682K, committed 22912K, reserved 1069056K
  class space    used 3034K, capacity 3182K, committed 3200K, reserved 1048576K
Event: 10.214 GC heap after
Heap after GC invocations=6 (full 1):
 PSYoungGen      total 18944K, used 2548K [0x00000007aab00000, 0x00000007ae000000, 0x00000007c0000000)
  eden space 16384K, 0% used [0x00000007aab00000,0x00000007aab00000,0x00000007abb00000)
  from space 2560K, 99% used [0x00000007abb00000,0x00000007abd7d298,0x00000007abd80000)
  to   space 13312K, 0% used [0x00000007ad300000,0x00000007ad300000,0x00000007ae000000)
 ParOldGen       total 36864K, used 19448K [0x0000000780000000, 0x0000000782400000, 0x00000007aab00000)
  object space 36864K, 52% used [0x0000000780000000,0x00000007812fe348,0x0000000782400000)
 Metaspace       used 21881K, capacity 22682K, committed 22912K, reserved 1069056K
  class space    used 3034K, capacity 3182K, committed 3200K, reserved 1048576K
}

Deoptimization events (10 events):
Event: 9.555 Thread 0x00007fb5140c5800 Uncommon trap: reason=bimorphic action=maybe_recompile pc=0x00000001188ec018 method=java.util.HashMap.putVal(ILjava/lang/Object;Ljava/lang/Object;ZZ)Ljava/lang/Object; @ 152
Event: 9.768 Thread 0x00007fb5140c5800 Uncommon trap: reason=class_check action=maybe_recompile pc=0x00000001186bb804 method=java.util.WeakHashMap.eq(Ljava/lang/Object;Ljava/lang/Object;)Z @ 7
Event: 9.769 Thread 0x00007fb5140c5800 Uncommon trap: reason=class_check action=maybe_recompile pc=0x00000001186bb804 method=java.util.WeakHashMap.eq(Ljava/lang/Object;Ljava/lang/Object;)Z @ 7
Event: 9.788 Thread 0x00007fb5140c5800 Uncommon trap: reason=class_check action=maybe_recompile pc=0x00000001186bb804 method=java.util.WeakHashMap.eq(Ljava/lang/Object;Ljava/lang/Object;)Z @ 7
Event: 9.896 Thread 0x00007fb5140c5800 Uncommon trap: reason=class_check action=maybe_recompile pc=0x00000001185df714 method=java.io.FilterInputStream.read()I @ 4
Event: 9.896 Thread 0x00007fb5140c5800 Uncommon trap: reason=class_check action=maybe_recompile pc=0x00000001185df714 method=java.io.FilterInputStream.read()I @ 4
Event: 9.896 Thread 0x00007fb5140c5800 Uncommon trap: reason=class_check action=maybe_recompile pc=0x00000001185df714 method=java.io.FilterInputStream.read()I @ 4
Event: 9.896 Thread 0x00007fb5140c5800 Uncommon trap: reason=class_check action=maybe_recompile pc=0x00000001185df714 method=java.io.FilterInputStream.read()I @ 4
Event: 69.683 Thread 0x00007fb513ac8800 Uncommon trap: reason=unreached action=reinterpret pc=0x000000011891d144 method=java.lang.ThreadLocal.get()Ljava/lang/Object; @ 11
Event: 228.858 Thread 0x00007fb5140c5800 Uncommon trap: reason=unreached action=reinterpret pc=0x0000000118a25af8 method=com.sun.glass.ui.mac.MacTouchInputSupport.notifyNextTouchEvent(Lcom/sun/glass/ui/View;IJIIII)V @ 121

Internal exceptions (10 events):
Event: 9.995 Thread 0x00007fb5140c5800 Exception <a 'java/security/PrivilegedActionException'> (0x00000007ab2a6178) thrown at [/HUDSON3/workspace/8-2-build-macosx-x86_64/jdk8u25/1514/hotspot/src/share/vm/prims/jvm.cpp, line 1312]
Event: 9.996 Thread 0x00007fb5140c5800 Exception <a 'java/security/PrivilegedActionException'> (0x00000007ab2a96f8) thrown at [/HUDSON3/workspace/8-2-build-macosx-x86_64/jdk8u25/1514/hotspot/src/share/vm/prims/jvm.cpp, line 1312]
Event: 9.996 Thread 0x00007fb5140c5800 Exception <a 'java/security/PrivilegedActionException'> (0x00000007ab2ad1c0) thrown at [/HUDSON3/workspace/8-2-build-macosx-x86_64/jdk8u25/1514/hotspot/src/share/vm/prims/jvm.cpp, line 1312]
Event: 10.083 Thread 0x00007fb5140c5800 Exception <a 'java/security/PrivilegedActionException'> (0x00000007ab2c4230) thrown at [/HUDSON3/workspace/8-2-build-macosx-x86_64/jdk8u25/1514/hotspot/src/share/vm/prims/jvm.cpp, line 1312]
Event: 10.083 Thread 0x00007fb5140c5800 Exception <a 'java/security/PrivilegedActionException'> (0x00000007ab2c7b48) thrown at [/HUDSON3/workspace/8-2-build-macosx-x86_64/jdk8u25/1514/hotspot/src/share/vm/prims/jvm.cpp, line 1312]
Event: 10.084 Thread 0x00007fb5140c5800 Exception <a 'java/security/PrivilegedActionException'> (0x00000007ab2cb300) thrown at [/HUDSON3/workspace/8-2-build-macosx-x86_64/jdk8u25/1514/hotspot/src/share/vm/prims/jvm.cpp, line 1312]
Event: 10.085 Thread 0x00007fb5140c5800 Exception <a 'java/security/PrivilegedActionException'> (0x00000007ab2cea48) thrown at [/HUDSON3/workspace/8-2-build-macosx-x86_64/jdk8u25/1514/hotspot/src/share/vm/prims/jvm.cpp, line 1312]
Event: 11.645 Thread 0x00007fb5140c5800 Exception <a 'java/security/PrivilegedActionException'> (0x00000007aaef8600) thrown at [/HUDSON3/workspace/8-2-build-macosx-x86_64/jdk8u25/1514/hotspot/src/share/vm/prims/jvm.cpp, line 1312]
Event: 11.654 Thread 0x00007fb5140c5800 Exception <a 'java/lang/Error'> (0x00000007aaefb410) thrown at [/HUDSON3/workspace/8-2-build-macosx-x86_64/jdk8u25/1514/hotspot/src/share/vm/prims/jvm.cpp, line 1316]
Event: 69.682 Thread 0x00007fb513ac8800 Implicit null exception at 0x000000011891d088 to 0x000000011891d131

Events (10 events):
Event: 229.285 loading class javafx/application/Application done
Event: 229.310 loading class com/sun/javafx/tk/quantum/QuantumRenderer
Event: 229.310 loading class com/sun/javafx/tk/quantum/QuantumRenderer done
Event: 229.311 loading class com/sun/javafx/tk/quantum/QuantumToolkit
Event: 229.311 loading class com/sun/javafx/tk/quantum/QuantumToolkit done
Event: 229.311 Thread 0x00007fb515100000 Thread exited: 0x00007fb515100000
Event: 229.312 Thread 0x00007fb5140ee800 Thread exited: 0x00007fb5140ee800
Event: 229.312 Thread 0x00007fb5140c5800 Thread exited: 0x00007fb5140c5800
Event: 229.312 Thread 0x00007fb514014000 Thread exited: 0x00007fb514014000
Event: 229.312 Thread 0x00007fb513989000 Thread added: 0x00007fb513989000


Dynamic libraries:
0x000000000fb2b000 	/System/Library/Frameworks/Cocoa.framework/Versions/A/Cocoa
0x000000000fb2b000 	/System/Library/Frameworks/Security.framework/Versions/A/Security
0x000000000fb2b000 	/System/Library/Frameworks/ApplicationServices.framework/Versions/A/ApplicationServices
0x000000000fb2b000 	/usr/lib/libz.1.dylib
0x000000000fb2b000 	/usr/lib/libSystem.B.dylib
0x000000000fb2b000 	/usr/lib/libobjc.A.dylib
0x000000000fb2b000 	/System/Library/Frameworks/CoreFoundation.framework/Versions/A/CoreFoundation
0x000000000fb2b000 	/System/Library/Frameworks/Foundation.framework/Versions/C/Foundation
0x000000000fb2b000 	/System/Library/Frameworks/AppKit.framework/Versions/C/AppKit
0x000000000fb2b000 	/System/Library/Frameworks/CoreData.framework/Versions/A/CoreData
0x000000000fb2b000 	/System/Library/PrivateFrameworks/RemoteViewServices.framework/Versions/A/RemoteViewServices
0x000000000fb2b000 	/System/Library/PrivateFrameworks/UIFoundation.framework/Versions/A/UIFoundation
0x000000000fb2b000 	/System/Library/PrivateFrameworks/DFRFoundation.framework/Versions/A/DFRFoundation
0x000000000fb2b000 	/System/Library/Frameworks/Metal.framework/Versions/A/Metal
0x000000000fb2b000 	/System/Library/PrivateFrameworks/DesktopServicesPriv.framework/Versions/A/DesktopServicesPriv
0x000000000fb2b000 	/usr/lib/libenergytrace.dylib
0x000000000fb2b000 	/System/Library/PrivateFrameworks/SkyLight.framework/Versions/A/SkyLight
0x000000000fb2b000 	/System/Library/Frameworks/CoreGraphics.framework/Versions/A/CoreGraphics
0x000000000fb2b000 	/usr/lib/libScreenReader.dylib
0x000000000fb2b000 	/System/Library/Frameworks/Accelerate.framework/Versions/A/Accelerate
0x000000000fb2b000 	/System/Library/Frameworks/IOSurface.framework/Versions/A/IOSurface
0x000000000fb2b000 	/System/Library/Frameworks/AudioToolbox.framework/Versions/A/AudioToolbox
0x000000000fb2b000 	/System/Library/Frameworks/AudioUnit.framework/Versions/A/AudioUnit
0x000000000fb2b000 	/System/Library/PrivateFrameworks/DataDetectorsCore.framework/Versions/A/DataDetectorsCore
0x000000000fb2b000 	/System/Library/Frameworks/Carbon.framework/Versions/A/Frameworks/HIToolbox.framework/Versions/A/HIToolbox
0x000000000fb2b000 	/usr/lib/libicucore.A.dylib
0x000000000fb2b000 	/System/Library/Frameworks/QuartzCore.framework/Versions/A/QuartzCore
0x000000000fb2b000 	/System/Library/Frameworks/Carbon.framework/Versions/A/Frameworks/SpeechRecognition.framework/Versions/A/SpeechRecognition
0x000000000fb2b000 	/usr/lib/libauto.dylib
0x000000000fb2b000 	/usr/lib/libxml2.2.dylib
0x000000000fb2b000 	/System/Library/PrivateFrameworks/CoreUI.framework/Versions/A/CoreUI
0x000000000fb2b000 	/System/Library/Frameworks/CoreAudio.framework/Versions/A/CoreAudio
0x000000000fb2b000 	/System/Library/Frameworks/DiskArbitration.framework/Versions/A/DiskArbitration
0x000000000fb2b000 	/usr/lib/liblangid.dylib
0x000000000fb2b000 	/System/Library/PrivateFrameworks/MultitouchSupport.framework/Versions/A/MultitouchSupport
0x000000000fb2b000 	/System/Library/Frameworks/IOKit.framework/Versions/A/IOKit
0x000000000fb2b000 	/usr/lib/libDiagnosticMessagesClient.dylib
0x000000000fb2b000 	/System/Library/Frameworks/CoreServices.framework/Versions/A/CoreServices
0x000000000fb2b000 	/System/Library/PrivateFrameworks/PerformanceAnalysis.framework/Versions/A/PerformanceAnalysis
0x000000000fb2b000 	/System/Library/Frameworks/OpenGL.framework/Versions/A/OpenGL
0x000000000fb2b000 	/System/Library/Frameworks/ColorSync.framework/Versions/A/ColorSync
0x000000000fb2b000 	/System/Library/Frameworks/CoreImage.framework/Versions/A/CoreImage
0x000000000fb2b000 	/System/Library/Frameworks/CoreText.framework/Versions/A/CoreText
0x000000000fb2b000 	/System/Library/Frameworks/ImageIO.framework/Versions/A/ImageIO
0x000000000fb2b000 	/System/Library/PrivateFrameworks/Backup.framework/Versions/A/Backup
0x000000000fb2b000 	/usr/lib/libarchive.2.dylib
0x000000000fb2b000 	/System/Library/Frameworks/CFNetwork.framework/Versions/A/CFNetwork
0x000000000fb2b000 	/System/Library/Frameworks/SystemConfiguration.framework/Versions/A/SystemConfiguration
0x000000000fb2b000 	/usr/lib/libCRFSuite.dylib
0x000000000fb2b000 	/usr/lib/libc++.1.dylib
0x000000000fb2b000 	/usr/lib/libc++abi.dylib
0x000000000fb2b000 	/usr/lib/system/libcache.dylib
0x000000000fb2b000 	/usr/lib/system/libcommonCrypto.dylib
0x000000000fb2b000 	/usr/lib/system/libcompiler_rt.dylib
0x000000000fb2b000 	/usr/lib/system/libcopyfile.dylib
0x000000000fb2b000 	/usr/lib/system/libcorecrypto.dylib
0x000000000fb2b000 	/usr/lib/system/libdispatch.dylib
0x000000000fb2b000 	/usr/lib/system/libdyld.dylib
0x000000000fb2b000 	/usr/lib/system/libkeymgr.dylib
0x000000000fb2b000 	/usr/lib/system/liblaunch.dylib
0x000000000fb2b000 	/usr/lib/system/libmacho.dylib
0x000000000fb2b000 	/usr/lib/system/libquarantine.dylib
0x000000000fb2b000 	/usr/lib/system/libremovefile.dylib
0x000000000fb2b000 	/usr/lib/system/libsystem_asl.dylib
0x000000000fb2b000 	/usr/lib/system/libsystem_blocks.dylib
0x000000000fb2b000 	/usr/lib/system/libsystem_c.dylib
0x000000000fb2b000 	/usr/lib/system/libsystem_configuration.dylib
0x000000000fb2b000 	/usr/lib/system/libsystem_coreservices.dylib
0x000000000fb2b000 	/usr/lib/system/libsystem_darwin.dylib
0x000000000fb2b000 	/usr/lib/system/libsystem_dnssd.dylib
0x000000000fb2b000 	/usr/lib/system/libsystem_info.dylib
0x000000000fb2b000 	/usr/lib/system/libsystem_m.dylib
0x000000000fb2b000 	/usr/lib/system/libsystem_malloc.dylib
0x000000000fb2b000 	/usr/lib/system/libsystem_network.dylib
0x000000000fb2b000 	/usr/lib/system/libsystem_networkextension.dylib
0x000000000fb2b000 	/usr/lib/system/libsystem_notify.dylib
0x000000000fb2b000 	/usr/lib/system/libsystem_sandbox.dylib
0x000000000fb2b000 	/usr/lib/system/libsystem_secinit.dylib
0x000000000fb2b000 	/usr/lib/system/libsystem_kernel.dylib
0x000000000fb2b000 	/usr/lib/system/libsystem_platform.dylib
0x000000000fb2b000 	/usr/lib/system/libsystem_pthread.dylib
0x000000000fb2b000 	/usr/lib/system/libsystem_symptoms.dylib
0x000000000fb2b000 	/usr/lib/system/libsystem_trace.dylib
0x000000000fb2b000 	/usr/lib/system/libunwind.dylib
0x000000000fb2b000 	/usr/lib/system/libxpc.dylib
0x000000000fb2b000 	/usr/lib/closure/libclosured.dylib
0x000000000fb2b000 	/usr/lib/libbsm.0.dylib
0x000000000fb2b000 	/usr/lib/system/libkxld.dylib
0x000000000fb2b000 	/usr/lib/libOpenScriptingUtil.dylib
0x000000000fb2b000 	/usr/lib/libcoretls.dylib
0x000000000fb2b000 	/usr/lib/libcoretls_cfhelpers.dylib
0x000000000fb2b000 	/usr/lib/libpam.2.dylib
0x000000000fb2b000 	/usr/lib/libsqlite3.dylib
0x000000000fb2b000 	/usr/lib/libxar.1.dylib
0x000000000fb2b000 	/usr/lib/libbz2.1.0.dylib
0x000000000fb2b000 	/usr/lib/liblzma.5.dylib
0x000000000fb2b000 	/usr/lib/libnetwork.dylib
0x000000000fb2b000 	/usr/lib/libapple_nghttp2.dylib
0x000000000fb2b000 	/usr/lib/libpcap.A.dylib
0x000000000fb2b000 	/usr/lib/libboringssl.dylib
0x000000000fb2b000 	/usr/lib/libusrtcp.dylib
0x000000000fb2b000 	/usr/lib/libapple_crypto.dylib
0x000000000fb2b000 	/System/Library/Frameworks/CoreServices.framework/Versions/A/Frameworks/FSEvents.framework/Versions/A/FSEvents
0x000000000fb2b000 	/System/Library/Frameworks/CoreServices.framework/Versions/A/Frameworks/CarbonCore.framework/Versions/A/CarbonCore
0x000000000fb2b000 	/System/Library/Frameworks/CoreServices.framework/Versions/A/Frameworks/Metadata.framework/Versions/A/Metadata
0x000000000fb2b000 	/System/Library/Frameworks/CoreServices.framework/Versions/A/Frameworks/OSServices.framework/Versions/A/OSServices
0x000000000fb2b000 	/System/Library/Frameworks/CoreServices.framework/Versions/A/Frameworks/SearchKit.framework/Versions/A/SearchKit
0x000000000fb2b000 	/System/Library/Frameworks/CoreServices.framework/Versions/A/Frameworks/AE.framework/Versions/A/AE
0x000000000fb2b000 	/System/Library/Frameworks/CoreServices.framework/Versions/A/Frameworks/LaunchServices.framework/Versions/A/LaunchServices
0x000000000fb2b000 	/System/Library/Frameworks/CoreServices.framework/Versions/A/Frameworks/DictionaryServices.framework/Versions/A/DictionaryServices
0x000000000fb2b000 	/System/Library/Frameworks/CoreServices.framework/Versions/A/Frameworks/SharedFileList.framework/Versions/A/SharedFileList
0x000000000fb2b000 	/System/Library/Frameworks/NetFS.framework/Versions/A/NetFS
0x000000000fb2b000 	/System/Library/PrivateFrameworks/NetAuth.framework/Versions/A/NetAuth
0x000000000fb2b000 	/System/Library/PrivateFrameworks/login.framework/Versions/A/Frameworks/loginsupport.framework/Versions/A/loginsupport
0x000000000fb2b000 	/System/Library/PrivateFrameworks/TCC.framework/Versions/A/TCC
0x000000000fb2b000 	/usr/lib/libmecabra.dylib
0x000000000fb2b000 	/System/Library/Frameworks/ApplicationServices.framework/Versions/A/Frameworks/ATS.framework/Versions/A/ATS
0x000000000fb2b000 	/System/Library/Frameworks/ApplicationServices.framework/Versions/A/Frameworks/ColorSyncLegacy.framework/Versions/A/ColorSyncLegacy
0x000000000fb2b000 	/System/Library/Frameworks/ApplicationServices.framework/Versions/A/Frameworks/HIServices.framework/Versions/A/HIServices
0x000000000fb2b000 	/System/Library/Frameworks/ApplicationServices.framework/Versions/A/Frameworks/LangAnalysis.framework/Versions/A/LangAnalysis
0x000000000fb2b000 	/System/Library/Frameworks/ApplicationServices.framework/Versions/A/Frameworks/PrintCore.framework/Versions/A/PrintCore
0x000000000fb2b000 	/System/Library/Frameworks/ApplicationServices.framework/Versions/A/Frameworks/QD.framework/Versions/A/QD
0x000000000fb2b000 	/System/Library/Frameworks/ApplicationServices.framework/Versions/A/Frameworks/SpeechSynthesis.framework/Versions/A/SpeechSynthesis
0x000000000fb2b000 	/System/Library/Frameworks/CoreDisplay.framework/Versions/A/CoreDisplay
0x000000000fb2b000 	/System/Library/Frameworks/Accelerate.framework/Versions/A/Frameworks/vImage.framework/Versions/A/vImage
0x000000000fb2b000 	/System/Library/Frameworks/Accelerate.framework/Versions/A/Frameworks/vecLib.framework/Versions/A/vecLib
0x000000000fb2b000 	/System/Library/Frameworks/Accelerate.framework/Versions/A/Frameworks/vecLib.framework/Versions/A/libvDSP.dylib
0x000000000fb2b000 	/System/Library/Frameworks/Accelerate.framework/Versions/A/Frameworks/vecLib.framework/Versions/A/libBNNS.dylib
0x000000000fb2b000 	/System/Library/Frameworks/Accelerate.framework/Versions/A/Frameworks/vecLib.framework/Versions/A/libQuadrature.dylib
0x000000000fb2b000 	/System/Library/Frameworks/Accelerate.framework/Versions/A/Frameworks/vecLib.framework/Versions/A/libvMisc.dylib
0x000000000fb2b000 	/System/Library/Frameworks/Accelerate.framework/Versions/A/Frameworks/vecLib.framework/Versions/A/libLAPACK.dylib
0x000000000fb2b000 	/System/Library/Frameworks/Accelerate.framework/Versions/A/Frameworks/vecLib.framework/Versions/A/libBLAS.dylib
0x000000000fb2b000 	/System/Library/Frameworks/Accelerate.framework/Versions/A/Frameworks/vecLib.framework/Versions/A/libLinearAlgebra.dylib
0x000000000fb2b000 	/System/Library/Frameworks/Accelerate.framework/Versions/A/Frameworks/vecLib.framework/Versions/A/libSparse.dylib
0x000000000fb2b000 	/System/Library/Frameworks/Accelerate.framework/Versions/A/Frameworks/vecLib.framework/Versions/A/libSparseBLAS.dylib
0x000000000fb2b000 	/System/Library/PrivateFrameworks/IOAccelerator.framework/Versions/A/IOAccelerator
0x000000000fb2b000 	/System/Library/PrivateFrameworks/IOPresentment.framework/Versions/A/IOPresentment
0x000000000fb2b000 	/System/Library/PrivateFrameworks/DSExternalDisplay.framework/Versions/A/DSExternalDisplay
0x000000000fb2b000 	/System/Library/Frameworks/OpenGL.framework/Versions/A/Libraries/libCoreFSCache.dylib
0x000000000fb2b000 	/System/Library/Frameworks/CoreVideo.framework/Versions/A/CoreVideo
0x000000000fb2b000 	/System/Library/PrivateFrameworks/GraphVisualizer.framework/Versions/A/GraphVisualizer
0x000000000fb2b000 	/System/Library/Frameworks/MetalPerformanceShaders.framework/Versions/A/MetalPerformanceShaders
0x000000000fb2b000 	/usr/lib/libFosl_dynamic.dylib
0x000000000fb2b000 	/System/Library/PrivateFrameworks/FaceCore.framework/Versions/A/FaceCore
0x000000000fb2b000 	/System/Library/Frameworks/OpenCL.framework/Versions/A/OpenCL
0x000000000fb2b000 	/usr/lib/libcompression.dylib
0x000000000fb2b000 	/System/Library/Frameworks/ApplicationServices.framework/Versions/A/Frameworks/ATS.framework/Versions/A/Resources/libFontParser.dylib
0x000000000fb2b000 	/System/Library/Frameworks/ApplicationServices.framework/Versions/A/Frameworks/ATS.framework/Versions/A/Resources/libFontRegistry.dylib
0x000000000fb2b000 	/System/Library/Frameworks/ImageIO.framework/Versions/A/Resources/libJPEG.dylib
0x000000000fb2b000 	/System/Library/Frameworks/ImageIO.framework/Versions/A/Resources/libTIFF.dylib
0x000000000fb2b000 	/System/Library/Frameworks/ImageIO.framework/Versions/A/Resources/libPng.dylib
0x000000000fb2b000 	/System/Library/Frameworks/ImageIO.framework/Versions/A/Resources/libGIF.dylib
0x000000000fb2b000 	/System/Library/Frameworks/ImageIO.framework/Versions/A/Resources/libJP2.dylib
0x000000000fb2b000 	/System/Library/Frameworks/ImageIO.framework/Versions/A/Resources/libRadiance.dylib
0x000000000fb2b000 	/System/Library/PrivateFrameworks/AppleJPEG.framework/Versions/A/AppleJPEG
0x000000000fb2b000 	/System/Library/PrivateFrameworks/MetalTools.framework/Versions/A/MetalTools
0x000000000fb2b000 	/System/Library/Frameworks/MetalPerformanceShaders.framework/Frameworks/MPSCore.framework/Versions/A/MPSCore
0x000000000fb2b000 	/System/Library/Frameworks/MetalPerformanceShaders.framework/Frameworks/MPSImage.framework/Versions/A/MPSImage
0x000000000fb2b000 	/System/Library/Frameworks/MetalPerformanceShaders.framework/Frameworks/MPSMatrix.framework/Versions/A/MPSMatrix
0x000000000fb2b000 	/System/Library/Frameworks/MetalPerformanceShaders.framework/Frameworks/MPSNeuralNetwork.framework/Versions/A/MPSNeuralNetwork
0x000000000fb2b000 	/System/Library/Frameworks/OpenGL.framework/Versions/A/Libraries/libGLU.dylib
0x000000000fb2b000 	/System/Library/Frameworks/OpenGL.framework/Versions/A/Libraries/libGFXShared.dylib
0x000000000fb2b000 	/System/Library/Frameworks/OpenGL.framework/Versions/A/Libraries/libGL.dylib
0x000000000fb2b000 	/System/Library/Frameworks/OpenGL.framework/Versions/A/Libraries/libGLImage.dylib
0x000000000fb2b000 	/System/Library/Frameworks/OpenGL.framework/Versions/A/Libraries/libCVMSPluginSupport.dylib
0x000000000fb2b000 	/System/Library/Frameworks/OpenGL.framework/Versions/A/Libraries/libCoreVMClient.dylib
0x000000000fb2b000 	/usr/lib/libcups.2.dylib
0x000000000fb2b000 	/System/Library/Frameworks/Kerberos.framework/Versions/A/Kerberos
0x000000000fb2b000 	/System/Library/Frameworks/GSS.framework/Versions/A/GSS
0x000000000fb2b000 	/usr/lib/libresolv.9.dylib
0x000000000fb2b000 	/usr/lib/libiconv.2.dylib
0x000000000fb2b000 	/System/Library/PrivateFrameworks/Heimdal.framework/Versions/A/Heimdal
0x000000000fb2b000 	/usr/lib/libheimdal-asn1.dylib
0x000000000fb2b000 	/System/Library/Frameworks/OpenDirectory.framework/Versions/A/OpenDirectory
0x000000000fb2b000 	/System/Library/PrivateFrameworks/CommonAuth.framework/Versions/A/CommonAuth
0x000000000fb2b000 	/System/Library/Frameworks/OpenDirectory.framework/Versions/A/Frameworks/CFOpenDirectory.framework/Versions/A/CFOpenDirectory
0x000000000fb2b000 	/System/Library/Frameworks/SecurityFoundation.framework/Versions/A/SecurityFoundation
0x000000000fb2b000 	/System/Library/PrivateFrameworks/APFS.framework/Versions/A/APFS
0x000000000fb2b000 	/usr/lib/libutil.dylib
0x000000000fb2b000 	/System/Library/PrivateFrameworks/AppleSauce.framework/Versions/A/AppleSauce
0x000000000fb2b000 	/System/Library/PrivateFrameworks/LinguisticData.framework/Versions/A/LinguisticData
0x000000000fb2b000 	/usr/lib/libmarisa.dylib
0x000000000fb2b000 	/System/Library/PrivateFrameworks/Lexicon.framework/Versions/A/Lexicon
0x000000000fb2b000 	/usr/lib/libChineseTokenizer.dylib
0x000000000fb2b000 	/usr/lib/libcmph.dylib
0x000000000fb2b000 	/System/Library/PrivateFrameworks/LanguageModeling.framework/Versions/A/LanguageModeling
0x000000000fb2b000 	/System/Library/PrivateFrameworks/CoreEmoji.framework/Versions/A/CoreEmoji
0x000000000fb2b000 	/System/Library/Frameworks/ServiceManagement.framework/Versions/A/ServiceManagement
0x000000000fb2b000 	/System/Library/PrivateFrameworks/BackgroundTaskManagement.framework/Versions/A/BackgroundTaskManagement
0x000000000fb2b000 	/usr/lib/libxslt.1.dylib
0x000000000fb2b000 	/System/Library/Frameworks/Carbon.framework/Versions/A/Frameworks/Ink.framework/Versions/A/Ink
0x000000000fb2b000 	/System/Library/PrivateFrameworks/TextureIO.framework/Versions/A/TextureIO
0x000000000fb2b000 	/usr/lib/libate.dylib
0x000000000fb2b000 	/System/Library/PrivateFrameworks/CrashReporterSupport.framework/Versions/A/CrashReporterSupport
0x000000000fb2b000 	/System/Library/PrivateFrameworks/Sharing.framework/Versions/A/Sharing
0x000000000fb2b000 	/System/Library/PrivateFrameworks/IconServices.framework/Versions/A/IconServices
0x000000000fb2b000 	/System/Library/PrivateFrameworks/ProtocolBuffer.framework/Versions/A/ProtocolBuffer
0x000000000fb2b000 	/System/Library/PrivateFrameworks/Apple80211.framework/Versions/A/Apple80211
0x000000000fb2b000 	/System/Library/Frameworks/CoreWLAN.framework/Versions/A/CoreWLAN
0x000000000fb2b000 	/System/Library/PrivateFrameworks/CoreUtils.framework/Versions/A/CoreUtils
0x000000000fb2b000 	/System/Library/Frameworks/IOBluetooth.framework/Versions/A/IOBluetooth
0x000000000fb2b000 	/System/Library/PrivateFrameworks/CoreWiFi.framework/Versions/A/CoreWiFi
0x000000000fb2b000 	/System/Library/Frameworks/CoreBluetooth.framework/Versions/A/CoreBluetooth
0x000000000fb2b000 	/System/Library/PrivateFrameworks/SignpostNotification.framework/Versions/A/SignpostNotification
0x000000000fb2b000 	/System/Library/PrivateFrameworks/DebugSymbols.framework/Versions/A/DebugSymbols
0x000000000fb2b000 	/System/Library/PrivateFrameworks/CoreSymbolication.framework/Versions/A/CoreSymbolication
0x000000000fb2b000 	/System/Library/PrivateFrameworks/Symbolication.framework/Versions/A/Symbolication
0x000000000fb2b000 	/System/Library/PrivateFrameworks/AppleFSCompression.framework/Versions/A/AppleFSCompression
0x000000000fb2b000 	/System/Library/PrivateFrameworks/SpeechRecognitionCore.framework/Versions/A/SpeechRecognitionCore
0x000000000fb2b000 	/System/Library/CoreServices/Encodings/libSimplifiedChineseConverter.dylib
0x000000010b404000 	/Library/Java/JavaVirtualMachines/jdk1.8.0_25.jdk/Contents/Home/jre/lib/server/libjvm.dylib
0x000000000fb2b000 	/usr/lib/libstdc++.6.0.9.dylib
0x000000010c320000 	/Library/Java/JavaVirtualMachines/jdk1.8.0_25.jdk/Contents/Home/jre/lib/libverify.dylib
0x000000010c32e000 	/Library/Java/JavaVirtualMachines/jdk1.8.0_25.jdk/Contents/Home/jre/lib/libjava.dylib
0x000000010c3ac000 	/Library/Java/JavaVirtualMachines/jdk1.8.0_25.jdk/Contents/Home/jre/lib/libzip.dylib
0x000000000fb2b000 	/System/Library/Frameworks/JavaVM.framework/Versions/A/Frameworks/JavaRuntimeSupport.framework/Versions/A/JavaRuntimeSupport
0x000000000fb2b000 	/System/Library/Frameworks/JavaVM.framework/Versions/A/Frameworks/JavaNativeFoundation.framework/Versions/A/JavaNativeFoundation
0x000000000fb2b000 	/System/Library/Frameworks/JavaVM.framework/Versions/A/JavaVM
0x000000000fb2b000 	/System/Library/Frameworks/Carbon.framework/Versions/A/Carbon
0x000000000fb2b000 	/System/Library/PrivateFrameworks/JavaLaunching.framework/Versions/A/JavaLaunching
0x000000000fb2b000 	/System/Library/Frameworks/Carbon.framework/Versions/A/Frameworks/CommonPanels.framework/Versions/A/CommonPanels
0x000000000fb2b000 	/System/Library/Frameworks/Carbon.framework/Versions/A/Frameworks/Help.framework/Versions/A/Help
0x000000000fb2b000 	/System/Library/Frameworks/Carbon.framework/Versions/A/Frameworks/ImageCapture.framework/Versions/A/ImageCapture
0x000000000fb2b000 	/System/Library/Frameworks/Carbon.framework/Versions/A/Frameworks/OpenScripting.framework/Versions/A/OpenScripting
0x000000000fb2b000 	/System/Library/Frameworks/Carbon.framework/Versions/A/Frameworks/Print.framework/Versions/A/Print
0x000000000fb2b000 	/System/Library/Frameworks/Carbon.framework/Versions/A/Frameworks/SecurityHI.framework/Versions/A/SecurityHI
0x0000000112a26000 	/Library/Java/JavaVirtualMachines/jdk1.8.0_25.jdk/Contents/Home/jre/lib/libprism_es2.dylib
0x000000000fb2b000 	/System/Library/PrivateFrameworks/CoreServicesInternal.framework/Versions/A/CoreServicesInternal
0x000000000fb2b000 	/System/Library/Frameworks/OpenGL.framework/Versions/A/Resources/GLEngine.bundle/GLEngine
0x000000000fb2b000 	/System/Library/Frameworks/OpenGL.framework/Versions/A/Libraries/libGLProgrammability.dylib
0x0000000112acf000 	/System/Library/Extensions/AppleIntelHD5000GraphicsGLDriver.bundle/Contents/MacOS/AppleIntelHD5000GraphicsGLDriver
0x000000000fb2b000 	/System/Library/PrivateFrameworks/GPUSupport.framework/Versions/A/Libraries/libGPUSupportMercury.dylib
0x000000000fb2b000 	/System/Library/Frameworks/OpenGL.framework/Versions/A/Resources/GLRendererFloat.bundle/GLRendererFloat
0x000000000fb2b000 	/System/Library/Frameworks/OpenCL.framework/Versions/A/Libraries/libcldcpuengine.dylib
0x000000000fb2b000 	/usr/lib/libcrypto.35.dylib
0x000000000fb2b000 	/System/Library/PrivateFrameworks/TrustEvaluationAgent.framework/Versions/A/TrustEvaluationAgent
0x0000000113664000 	/Library/Java/JavaVirtualMachines/jdk1.8.0_25.jdk/Contents/Home/jre/lib/libglass.dylib
0x000000000fb2b000 	/System/Library/CoreServices/RawCamera.bundle/Contents/MacOS/RawCamera
0x000000000fb2b000 	/System/Library/PrivateFrameworks/MobileAsset.framework/Versions/A/MobileAsset
0x000000000fb2b000 	/System/Library/PrivateFrameworks/StreamingZip.framework/Versions/A/StreamingZip
0x000000000fb2b000 	/System/Library/Frameworks/MediaToolbox.framework/Versions/A/MediaToolbox
0x000000000fb2b000 	/System/Library/PrivateFrameworks/CoreAVCHD.framework/Versions/A/CoreAVCHD
0x000000000fb2b000 	/System/Library/Frameworks/MediaAccessibility.framework/Versions/A/MediaAccessibility
0x000000000fb2b000 	/System/Library/PrivateFrameworks/Mangrove.framework/Versions/A/Mangrove
0x000000000fb2b000 	/System/Library/Frameworks/CoreMedia.framework/Versions/A/CoreMedia
0x000000000fb2b000 	/System/Library/Frameworks/VideoToolbox.framework/Versions/A/VideoToolbox
0x000000000fb2b000 	/System/Library/PrivateFrameworks/CoreAUC.framework/Versions/A/CoreAUC
0x000000000fb2b000 	/usr/lib/libspindump.dylib
0x000000000fb2b000 	/usr/lib/libdscsym.dylib
0x000000000fb2b000 	/System/Library/PrivateFrameworks/AppleVA.framework/Versions/A/AppleVA
0x000000000fb2b000 	/System/Library/Frameworks/Accelerate.framework/Versions/A/Frameworks/vImage.framework/Versions/A/Libraries/libCGInterfaces.dylib
0x000000000fb2b000 	/System/Library/PrivateFrameworks/FamilyControls.framework/Versions/A/FamilyControls
0x000000000fb2b000 	/System/Library/PrivateFrameworks/CommerceKit.framework/Versions/A/Frameworks/CommerceCore.framework/Versions/A/CommerceCore
0x000000000fb2b000 	/System/Library/PrivateFrameworks/SystemAdministration.framework/Versions/A/SystemAdministration
0x000000000fb2b000 	/System/Library/PrivateFrameworks/AppContainer.framework/Versions/A/AppContainer
0x000000000fb2b000 	/System/Library/PrivateFrameworks/SecCodeWrapper.framework/Versions/A/SecCodeWrapper
0x000000000fb2b000 	/System/Library/PrivateFrameworks/DiskManagement.framework/Versions/A/DiskManagement
0x000000000fb2b000 	/System/Library/Frameworks/DirectoryService.framework/Versions/A/DirectoryService
0x000000000fb2b000 	/System/Library/PrivateFrameworks/DiskImages.framework/Versions/A/DiskImages
0x000000000fb2b000 	/System/Library/PrivateFrameworks/LoginUIKit.framework/Versions/A/Frameworks/LoginUICore.framework/Versions/A/LoginUICore
0x000000000fb2b000 	/usr/lib/libCoreStorage.dylib
0x000000000fb2b000 	/usr/lib/libcsfde.dylib
0x000000000fb2b000 	/usr/lib/libodfde.dylib
0x000000000fb2b000 	/System/Library/PrivateFrameworks/MediaKit.framework/Versions/A/MediaKit
0x000000000fb2b000 	/System/Library/Frameworks/DiscRecording.framework/Versions/A/DiscRecording
0x000000000fb2b000 	/System/Library/PrivateFrameworks/EFILogin.framework/Versions/A/EFILogin
0x000000000fb2b000 	/System/Library/PrivateFrameworks/ProtectedCloudStorage.framework/Versions/A/ProtectedCloudStorage
0x000000000fb2b000 	/usr/lib/libcurl.4.dylib
0x000000000fb2b000 	/usr/lib/libssl.35.dylib
0x000000000fb2b000 	/System/Library/Frameworks/LDAP.framework/Versions/A/LDAP
0x000000000fb2b000 	/usr/lib/libsasl2.2.dylib
0x000000000fb2b000 	/System/Library/PrivateFrameworks/CoreDaemon.framework/Versions/B/CoreDaemon
0x000000000fb2b000 	/System/Library/PrivateFrameworks/AppleSRP.framework/Versions/A/AppleSRP
0x000000000fb2b000 	/System/Library/Frameworks/ApplicationServices.framework/Versions/A/Frameworks/ATS.framework/Versions/A/Resources/libTrueTypeScaler.dylib
0x000000000fb2b000 	/System/Library/Extensions/AppleIntelHD5000GraphicsMTLDriver.bundle/Contents/MacOS/AppleIntelHD5000GraphicsMTLDriver
0x000000000fb2b000 	/System/Library/PrivateFrameworks/GPUCompiler.framework/Versions/3802/Libraries/libmetal_timestamp.dylib
0x000000011621d000 	/Library/Java/JavaVirtualMachines/jdk1.8.0_25.jdk/Contents/Home/jre/lib/libjavafx_font.dylib
0x000000000fb2b000 	/System/Library/PrivateFrameworks/ViewBridge.framework/Versions/A/ViewBridge
0x0000000114363000 	/Library/Java/JavaVirtualMachines/jdk1.8.0_25.jdk/Contents/Home/jre/lib/libprism_common.dylib
0x0000000113dd8000 	/Library/Java/JavaVirtualMachines/jdk1.8.0_25.jdk/Contents/Home/jre/lib/libmanagement.dylib
0x0000000115a14000 	/Library/Java/JavaVirtualMachines/jdk1.8.0_25.jdk/Contents/Home/jre/lib/libnet.dylib
0x0000000115cd3000 	/Library/Java/JavaVirtualMachines/jdk1.8.0_25.jdk/Contents/Home/jre/lib/libnio.dylib
0x000000000fb2b000 	/System/Library/PrivateFrameworks/login.framework/Versions/A/login

VM Arguments:
jvm_args: -Dfile.encoding=UTF-8 
java_command: com.QuestCardGame.GameMain.QuestCardGame
java_class_path (initial): /Library/Java/JavaVirtualMachines/jdk1.8.0_25.jdk/Contents/Home/jre/lib/resources.jar:/Library/Java/JavaVirtualMachines/jdk1.8.0_25.jdk/Contents/Home/jre/lib/rt.jar:/Library/Java/JavaVirtualMachines/jdk1.8.0_25.jdk/Contents/Home/jre/lib/jsse.jar:/Library/Java/JavaVirtualMachines/jdk1.8.0_25.jdk/Contents/Home/jre/lib/jce.jar:/Library/Java/JavaVirtualMachines/jdk1.8.0_25.jdk/Contents/Home/jre/lib/charsets.jar:/Library/Java/JavaVirtualMachines/jdk1.8.0_25.jdk/Contents/Home/jre/lib/jfr.jar:/Library/Java/JavaVirtualMachines/jdk1.8.0_25.jdk/Contents/Home/jre/lib/ext/sunec.jar:/Library/Java/JavaVirtualMachines/jdk1.8.0_25.jdk/Contents/Home/jre/lib/ext/nashorn.jar:/Library/Java/JavaVirtualMachines/jdk1.8.0_25.jdk/Contents/Home/jre/lib/ext/cldrdata.jar:/Library/Java/JavaVirtualMachines/jdk1.8.0_25.jdk/Contents/Home/jre/lib/ext/jfxrt.jar:/Library/Java/JavaVirtualMachines/jdk1.8.0_25.jdk/Contents/Home/jre/lib/ext/dnsns.jar:/Library/Java/JavaVirtualMachines/jdk1.8.0_25.jdk/Contents/Home/jre/lib/ext/localedata.jar:/Library/Java/JavaVirtualMachines/jdk1.8.0_25.jdk/Contents/Home/jre/lib/ext/sunjce_provider.jar:/Library/Java/JavaVirtualMachines/jdk1.8.0_25.jdk/Contents/Home/jre/lib/ext/sunpkcs11.jar:/Library/Java/JavaVirtualMachines/jdk1.8.0_25.jdk/Contents/Home/jre/lib/ext/zipfs.jar:/System/Library/Java/Extensions/MRJToolkit.jar:/Users/YaminoCastle/Documents/GitHub/QuestCardGame/GameMain/target/classes:/Users/YaminoCastle/.m2/repository/org/apache/logging/log4j/log4j-api/2.10.0/log4j-api-2.10.0.jar:/Users/YaminoCastle/.m2/repository/org/apache/logging/log4j/log4j-core/2.10.0/log4j-core-2.10.0.jar
Launcher Type: SUN_STANDARD

Environment Variables:
PATH=/usr/bin:/bin:/usr/sbin:/sbin
SHELL=/bin/bash

Signal Handlers:
SIGSEGV: [libjvm.dylib+0x579dc7], sa_mask[0]=11111111011111110111111111111111, sa_flags=SA_ONSTACK|SA_RESTART|SA_SIGINFO
SIGBUS: [libjvm.dylib+0x579dc7], sa_mask[0]=11111111011111110111111111111111, sa_flags=SA_RESTART|SA_SIGINFO
SIGFPE: [libjvm.dylib+0x45b030], sa_mask[0]=11111111011111110111111111111111, sa_flags=SA_RESTART|SA_SIGINFO
SIGPIPE: [libjvm.dylib+0x45b030], sa_mask[0]=11111111011111110111111111111111, sa_flags=SA_RESTART|SA_SIGINFO
SIGXFSZ: [libjvm.dylib+0x45b030], sa_mask[0]=11111111011111110111111111111111, sa_flags=SA_RESTART|SA_SIGINFO
SIGILL: [libjvm.dylib+0x45b030], sa_mask[0]=11111111011111110111111111111111, sa_flags=SA_RESTART|SA_SIGINFO
SIGUSR1: SIG_DFL, sa_mask[0]=00000000000000000000000000000000, sa_flags=none
SIGUSR2: [libjvm.dylib+0x45ab4e], sa_mask[0]=00100000000000000000000000000000, sa_flags=SA_RESTART|SA_SIGINFO
SIGHUP: [libjvm.dylib+0x459121], sa_mask[0]=11111111011111110111111111111111, sa_flags=SA_RESTART|SA_SIGINFO
SIGINT: [libjvm.dylib+0x459121], sa_mask[0]=11111111011111110111111111111111, sa_flags=SA_RESTART|SA_SIGINFO
SIGTERM: [libjvm.dylib+0x459121], sa_mask[0]=11111111011111110111111111111111, sa_flags=SA_RESTART|SA_SIGINFO
SIGQUIT: [libjvm.dylib+0x459121], sa_mask[0]=11111111011111110111111111111111, sa_flags=SA_RESTART|SA_SIGINFO


---------------  S Y S T E M  ---------------

OS:Bsduname:Darwin 17.4.0 Darwin Kernel Version 17.4.0: Sun Dec 17 09:19:54 PST 2017; root:xnu-4570.41.2~1/RELEASE_X86_64 x86_64
rlimit: STACK 8192k, CORE 0k, NPROC 709, NOFILE 10240, AS infinity
load average:3.16 3.09 3.08

CPU:total 4 (2 cores per cpu, 2 threads per core) family 6 model 69 stepping 1, cmov, cx8, fxsr, mmx, sse, sse2, sse3, ssse3, sse4.1, sse4.2, popcnt, avx, avx2, aes, clmul, erms, lzcnt, ht, tsc, tscinvbit, bmi1, bmi2

Memory: 4k page, physical 4194304k(18912k free)

/proc/meminfo:


vm_info: Java HotSpot(TM) 64-Bit Server VM (25.25-b02) for bsd-amd64 JRE (1.8.0_25-b17), built on Sep 17 2014 16:56:50 by "java_re" with gcc 4.2.1 (Based on Apple Inc. build 5658) (LLVM build 2336.11.00)

time: Wed Mar 21 03:08:14 2018
elapsed time: 248 seconds (0d 0h 4m 8s)

