#
# There is insufficient memory for the Java Runtime Environment to continue.
# Native memory allocation (malloc) failed to allocate 32744 bytes for ChunkPool::allocate
# Possible reasons:
#   The system is out of physical RAM or swap space
#   In 32 bit mode, the process size limit was hit
# Possible solutions:
#   Reduce memory load on the system
#   Increase physical memory or swap space
#   Check if swap backing store is full
#   Use 64 bit Java on a 64 bit OS
#   Decrease Java heap size (-Xmx/-Xms)
#   Decrease number of Java threads
#   Decrease Java thread stack sizes (-Xss)
#   Set larger code cache with -XX:ReservedCodeCacheSize=
# This output file may be truncated or incomplete.
#
#  Out of Memory Error (allocation.cpp:273), pid=16516, tid=0x000000000000224c
#
# JRE version: Java(TM) SE Runtime Environment (8.0_161-b12) (build 1.8.0_161-b12)
# Java VM: Java HotSpot(TM) 64-Bit Server VM (25.161-b12 mixed mode windows-amd64 compressed oops)
# Failed to write core dump. Minidumps are not enabled by default on client versions of Windows
#

---------------  T H R E A D  ---------------

Current thread (0x0000000020bb1000):  JavaThread "C2 CompilerThread2" daemon [_thread_in_native, id=8780, stack(0x0000000021520000,0x0000000021620000)]

Stack: [0x0000000021520000,0x0000000021620000]
[error occurred during error reporting (printing stack bounds), id 0xc0000005]

Native frames: (J=compiled Java code, j=interpreted, Vv=VM code, C=native code)


Current CompileTask:
C2:   1693 1682   !   4       java.util.zip.InflaterInputStream::read (138 bytes)


---------------  P R O C E S S  ---------------

Java Threads: ( => current thread )
  0x00000000220c4800 JavaThread "Prism Font Disposer" daemon [_thread_blocked, id=17188, stack(0x000000002c940000,0x000000002ca40000)]
  0x0000000020bb0800 JavaThread "Timer-0" [_thread_blocked, id=26452, stack(0x0000000029e20000,0x0000000029f20000)]
  0x0000000020bb4000 JavaThread "Log4j2-TF-3-Scheduled-1" daemon [_thread_blocked, id=1296, stack(0x0000000027d50000,0x0000000027e50000)]
  0x0000000020bb3800 JavaThread "Thread-3" daemon [_thread_in_native, id=3384, stack(0x0000000027890000,0x0000000027990000)]
  0x0000000020bb2800 JavaThread "JavaFX-Launcher" [_thread_blocked, id=21344, stack(0x0000000027990000,0x0000000027a90000)]
  0x0000000020bb5800 JavaThread "JavaFX Application Thread" [_thread_in_native, id=18368, stack(0x0000000022ea0000,0x0000000022fa0000)]
  0x0000000020bb5000 JavaThread "Thread-1" daemon [_thread_blocked, id=18208, stack(0x0000000022da0000,0x0000000022ea0000)]
  0x0000000021981000 JavaThread "QuantumRenderer-0" daemon [_thread_blocked, id=16620, stack(0x0000000022380000,0x0000000022480000)]
  0x0000000020c3c800 JavaThread "Service Thread" daemon [_thread_blocked, id=24864, stack(0x0000000021720000,0x0000000021820000)]
  0x0000000020bb6800 JavaThread "C1 CompilerThread3" daemon [_thread_blocked, id=15708, stack(0x0000000021620000,0x0000000021720000)]
=>0x0000000020bb1000 JavaThread "C2 CompilerThread2" daemon [_thread_in_native, id=8780, stack(0x0000000021520000,0x0000000021620000)]
  0x0000000020bac000 JavaThread "C2 CompilerThread1" daemon [_thread_in_native, id=24148, stack(0x0000000021420000,0x0000000021520000)]
  0x0000000020ba5800 JavaThread "C2 CompilerThread0" daemon [_thread_in_native, id=8932, stack(0x0000000021320000,0x0000000021420000)]
  0x0000000020ba4800 JavaThread "Attach Listener" daemon [_thread_blocked, id=14544, stack(0x0000000021220000,0x0000000021320000)]
  0x000000001ec4e800 JavaThread "Signal Dispatcher" daemon [_thread_blocked, id=12972, stack(0x0000000021120000,0x0000000021220000)]
  0x0000000020b40800 JavaThread "Finalizer" daemon [_thread_blocked, id=14808, stack(0x0000000020f20000,0x0000000021020000)]
  0x0000000005269000 JavaThread "Reference Handler" daemon [_thread_blocked, id=21648, stack(0x0000000020a20000,0x0000000020b20000)]
  0x0000000004c6e000 JavaThread "main" [_thread_blocked, id=16176, stack(0x0000000005070000,0x0000000005170000)]

Other Threads:
  0x000000001ec39000 VMThread [stack: 0x0000000020920000,0x0000000020a20000] [id=17068]
  0x0000000020c69800 WatcherThread [stack: 0x0000000021820000,0x0000000021920000] [id=9444]

VM state:not at safepoint (normal execution)

VM Mutex/Monitor currently owned by a thread: None

Heap:
 PSYoungGen      total 75776K, used 21700K [0x000000076b600000, 0x0000000770a80000, 0x00000007c0000000)
  eden space 65024K, 16% used [0x000000076b600000,0x000000076c0b2508,0x000000076f580000)
  from space 10752K, 99% used [0x000000076f580000,0x000000076fffedd8,0x0000000770000000)
  to   space 10752K, 0% used [0x0000000770000000,0x0000000770000000,0x0000000770a80000)
 ParOldGen       total 173568K, used 10474K [0x00000006c2200000, 0x00000006ccb80000, 0x000000076b600000)
  object space 173568K, 6% used [0x00000006c2200000,0x00000006c2c3aa00,0x00000006ccb80000)
 Metaspace       used 19755K, capacity 20314K, committed 20608K, reserved 1067008K
  class space    used 2709K, capacity 2854K, committed 2944K, reserved 1048576K

Card table byte_map: [0x0000000014630000,0x0000000014e20000] byte_map_base: 0x000000001101f000

Marking Bits: (ParMarkBitMap*) 0x00000000706ff860
 Begin Bits: [0x0000000015b70000, 0x0000000019ae8000)
 End Bits:   [0x0000000019ae8000, 0x000000001da60000)

Polling page: 0x0000000004c00000

CodeCache: size=245760Kb used=5512Kb max_used=5512Kb free=240247Kb
 bounds [0x0000000005270000, 0x00000000057e0000, 0x0000000014270000]
 total_blobs=2434 nmethods=1730 adapters=616
 compilation: enabled

Compilation events (10 events):
Event: 1.668 Thread 0x0000000020bb6800 1730       3       com.sun.prism.d3d.D3DResource$D3DRecord::getResource (5 bytes)
Event: 1.668 Thread 0x0000000020bb6800 nmethod 1730 0x00000000057d2b90 code [0x00000000057d2ce0, 0x00000000057d2e30]
Event: 1.668 Thread 0x0000000020bb6800 1731       3       com.sun.javafx.font.directwrite.DWGlyph::checkBounds (161 bytes)
Event: 1.669 Thread 0x0000000020bb6800 nmethod 1731 0x00000000057d2ed0 code [0x00000000057d30a0, 0x00000000057d3898]
Event: 1.670 Thread 0x0000000020bb6800 1732       3       com.sun.javafx.geom.RectBounds::makeEmpty (5 bytes)
Event: 1.670 Thread 0x0000000020bb6800 nmethod 1732 0x00000000057d3b90 code [0x00000000057d3ce0, 0x00000000057d3f30]
Event: 1.671 Thread 0x0000000020bb6800 1733       3       com.sun.javafx.sg.prism.NGNode::renderForcedContent (1 bytes)
Event: 1.671 Thread 0x0000000020bb6800 nmethod 1733 0x00000000057d3fd0 code [0x00000000057d4120, 0x00000000057d4270]
Event: 1.671 Thread 0x0000000020bb6800 1734       3       com.sun.javafx.sg.prism.NGGroup::renderForcedContent (47 bytes)
Event: 1.671 Thread 0x0000000020bb6800 nmethod 1734 0x00000000057d4310 code [0x00000000057d44c0, 0x00000000057d4a68]

GC Heap History (2 events):
Event: 1.112 GC heap before
{Heap before GC invocations=1 (full 0):
 PSYoungGen      total 75776K, used 65024K [0x000000076b600000, 0x0000000770a80000, 0x00000007c0000000)
  eden space 65024K, 100% used [0x000000076b600000,0x000000076f580000,0x000000076f580000)
  from space 10752K, 0% used [0x0000000770000000,0x0000000770000000,0x0000000770a80000)
  to   space 10752K, 0% used [0x000000076f580000,0x000000076f580000,0x0000000770000000)
 ParOldGen       total 173568K, used 0K [0x00000006c2200000, 0x00000006ccb80000, 0x000000076b600000)
  object space 173568K, 0% used [0x00000006c2200000,0x00000006c2200000,0x00000006ccb80000)
 Metaspace       used 18518K, capacity 19054K, committed 19200K, reserved 1064960K
  class space    used 2542K, capacity 2718K, committed 2816K, reserved 1048576K
Event: 1.119 GC heap after
Heap after GC invocations=1 (full 0):
 PSYoungGen      total 75776K, used 10747K [0x000000076b600000, 0x0000000770a80000, 0x00000007c0000000)
  eden space 65024K, 0% used [0x000000076b600000,0x000000076b600000,0x000000076f580000)
  from space 10752K, 99% used [0x000000076f580000,0x000000076fffedd8,0x0000000770000000)
  to   space 10752K, 0% used [0x0000000770000000,0x0000000770000000,0x0000000770a80000)
 ParOldGen       total 173568K, used 10474K [0x00000006c2200000, 0x00000006ccb80000, 0x000000076b600000)
  object space 173568K, 6% used [0x00000006c2200000,0x00000006c2c3aa00,0x00000006ccb80000)
 Metaspace       used 18518K, capacity 19054K, committed 19200K, reserved 1064960K
  class space    used 2542K, capacity 2718K, committed 2816K, reserved 1048576K
}

Deoptimization events (10 events):
Event: 1.100 Thread 0x0000000020bb5800 Uncommon trap: reason=bimorphic action=maybe_recompile pc=0x00000000056f5d48 method=java.util.Collections$UnmodifiableList.get(I)Ljava/lang/Object; @ 5
Event: 1.100 Thread 0x0000000020bb5800 Uncommon trap: reason=bimorphic action=maybe_recompile pc=0x00000000056f5d48 method=java.util.Collections$UnmodifiableList.get(I)Ljava/lang/Object; @ 5
Event: 1.100 Thread 0x0000000020bb5800 Uncommon trap: reason=class_check action=maybe_recompile pc=0x000000000538c480 method=java.lang.String.equals(Ljava/lang/Object;)Z @ 8
Event: 1.100 Thread 0x0000000020bb5800 Uncommon trap: reason=class_check action=maybe_recompile pc=0x000000000538c480 method=java.lang.String.equals(Ljava/lang/Object;)Z @ 8
Event: 1.100 Thread 0x0000000020bb5800 Uncommon trap: reason=class_check action=maybe_recompile pc=0x000000000538c480 method=java.lang.String.equals(Ljava/lang/Object;)Z @ 8
Event: 1.101 Thread 0x0000000020bb5800 Uncommon trap: reason=class_check action=maybe_recompile pc=0x000000000538c480 method=java.lang.String.equals(Ljava/lang/Object;)Z @ 8
Event: 1.112 Thread 0x0000000020bb5800 Uncommon trap: reason=unstable_if action=reinterpret pc=0x00000000056d3d64 method=javafx.beans.property.ObjectPropertyBase.get()Ljava/lang/Object; @ 9
Event: 1.162 Thread 0x0000000021981000 Uncommon trap: reason=class_check action=maybe_recompile pc=0x000000000569d45c method=java.io.BufferedInputStream.read1([BII)I @ 39
Event: 1.162 Thread 0x0000000021981000 Uncommon trap: reason=unstable_if action=reinterpret pc=0x000000000569d020 method=java.io.BufferedInputStream.fill()V @ 219
Event: 1.574 Thread 0x0000000020bb5800 Uncommon trap: reason=unstable_if action=reinterpret pc=0x00000000056f86a8 method=jdk.internal.org.objectweb.asm.Type.getArgumentsAndReturnSizes(Ljava/lang/String;)I @ 47

Classes redefined (0 events):
No events

Internal exceptions (10 events):
Event: 0.144 Thread 0x0000000004c6e000 Exception <a 'java/security/PrivilegedActionException'> (0x000000076b9c0ae8) thrown at [C:\re\workspace\8-2-build-windows-amd64-cygwin\jdk8u161\10277\hotspot\src\share\vm\prims\jvm.cpp, line 1390]
Event: 0.144 Thread 0x0000000004c6e000 Exception <a 'java/security/PrivilegedActionException'> (0x000000076b9c0cf8) thrown at [C:\re\workspace\8-2-build-windows-amd64-cygwin\jdk8u161\10277\hotspot\src\share\vm\prims\jvm.cpp, line 1390]
Event: 0.145 Thread 0x0000000004c6e000 Exception <a 'java/security/PrivilegedActionException'> (0x000000076b9c4968) thrown at [C:\re\workspace\8-2-build-windows-amd64-cygwin\jdk8u161\10277\hotspot\src\share\vm\prims\jvm.cpp, line 1390]
Event: 0.145 Thread 0x0000000004c6e000 Exception <a 'java/security/PrivilegedActionException'> (0x000000076b9c4b78) thrown at [C:\re\workspace\8-2-build-windows-amd64-cygwin\jdk8u161\10277\hotspot\src\share\vm\prims\jvm.cpp, line 1390]
Event: 0.145 Thread 0x0000000004c6e000 Exception <a 'java/lang/NullPointerException'> (0x000000076b9c5150) thrown at [C:\re\workspace\8-2-build-windows-amd64-cygwin\jdk8u161\10277\hotspot\src\share\vm\interpreter\linkResolver.cpp, line 1185]
Event: 0.658 Thread 0x0000000020bb5800 Exception <a 'java/lang/ArrayIndexOutOfBoundsException': 18> (0x000000076d6b9350) thrown at [C:\re\workspace\8-2-build-windows-amd64-cygwin\jdk8u161\10277\hotspot\src\share\vm\interpreter\interpreterRuntime.cpp, line 366]
Event: 0.658 Thread 0x0000000020bb5800 Exception <a 'java/lang/ArrayIndexOutOfBoundsException': 110> (0x000000076d6ba8a8) thrown at [C:\re\workspace\8-2-build-windows-amd64-cygwin\jdk8u161\10277\hotspot\src\share\vm\interpreter\interpreterRuntime.cpp, line 366]
Event: 0.659 Thread 0x0000000020bb5800 Exception <a 'java/lang/ArrayIndexOutOfBoundsException': 40> (0x000000076d6bbb48) thrown at [C:\re\workspace\8-2-build-windows-amd64-cygwin\jdk8u161\10277\hotspot\src\share\vm\interpreter\interpreterRuntime.cpp, line 366]
Event: 0.765 Thread 0x0000000020bb5800 Exception <a 'java/lang/NullPointerException'> (0x000000076de1bf90) thrown at [C:\re\workspace\8-2-build-windows-amd64-cygwin\jdk8u161\10277\hotspot\src\share\vm\interpreter\linkResolver.cpp, line 1185]
Event: 0.765 Thread 0x0000000020bb5800 Exception <a 'java/lang/NullPointerException'> (0x000000076de1bf90) thrown at [C:\re\workspace\8-2-build-windows-amd64-cygwin\jdk8u161\10277\hotspot\src\share\vm\prims\jvm.cpp, line 1394]

Events (10 events):
Event: 1.663 loading class com/sun/prism/shader/Solid_TextureFirstPassLCD_Loader
Event: 1.663 loading class com/sun/prism/shader/Solid_TextureFirstPassLCD_Loader done
Event: 1.664 loading class com/sun/prism/shader/Solid_TextureSecondPassLCD_Loader
Event: 1.664 loading class com/sun/prism/shader/Solid_TextureSecondPassLCD_Loader done
Event: 1.666 loading class java/util/ArrayList$ListItr
Event: 1.666 loading class java/util/ArrayList$ListItr done
Event: 1.666 Executing VM operation: Deoptimize
Event: 1.666 Executing VM operation: Deoptimize done
Event: 1.666 loading class java/util/Collections$UnmodifiableList$1
Event: 1.667 loading class java/util/Collections$UnmodifiableList$1 done


Dynamic libraries:
0x00007ff69a780000 - 0x00007ff69a7b7000 	C:\Program Files\Java\jre1.8.0_161\bin\javaw.exe
0x00007ffc769f0000 - 0x00007ffc76bd0000 	C:\WINDOWS\SYSTEM32\ntdll.dll
0x00007ffc74090000 - 0x00007ffc7413e000 	C:\WINDOWS\System32\KERNEL32.DLL
0x00007ffc72df0000 - 0x00007ffc73056000 	C:\WINDOWS\System32\KERNELBASE.dll
0x00007ffc74260000 - 0x00007ffc74301000 	C:\WINDOWS\System32\ADVAPI32.dll
0x00007ffc74140000 - 0x00007ffc741dd000 	C:\WINDOWS\System32\msvcrt.dll
0x00007ffc74780000 - 0x00007ffc747db000 	C:\WINDOWS\System32\sechost.dll
0x00007ffc74310000 - 0x00007ffc7442f000 	C:\WINDOWS\System32\RPCRT4.dll
0x00007ffc766c0000 - 0x00007ffc7684f000 	C:\WINDOWS\System32\USER32.dll
0x00007ffc739d0000 - 0x00007ffc739f0000 	C:\WINDOWS\System32\win32u.dll
0x00007ffc74750000 - 0x00007ffc74778000 	C:\WINDOWS\System32\GDI32.dll
0x00007ffc73060000 - 0x00007ffc731f3000 	C:\WINDOWS\System32\gdi32full.dll
0x00007ffc739f0000 - 0x00007ffc73a8b000 	C:\WINDOWS\System32\msvcp_win.dll
0x00007ffc73d60000 - 0x00007ffc73e56000 	C:\WINDOWS\System32\ucrtbase.dll
0x00007ffc69d70000 - 0x00007ffc69fd9000 	C:\WINDOWS\WinSxS\amd64_microsoft.windows.common-controls_6595b64144ccf1df_6.0.16299.125_none_15cbcf8893620c09\COMCTL32.dll
0x00007ffc74430000 - 0x00007ffc74738000 	C:\WINDOWS\System32\combase.dll
0x00007ffc73200000 - 0x00007ffc73272000 	C:\WINDOWS\System32\bcryptPrimitives.dll
0x00007ffc76490000 - 0x00007ffc764bd000 	C:\WINDOWS\System32\IMM32.DLL
0x0000000070980000 - 0x0000000070a52000 	C:\Program Files\Java\jre1.8.0_161\bin\msvcr100.dll
0x000000006fee0000 - 0x000000007077f000 	C:\Program Files\Java\jre1.8.0_161\bin\server\jvm.dll
0x00007ffc769b0000 - 0x00007ffc769b8000 	C:\WINDOWS\System32\PSAPI.DLL
0x00007ffc6cb40000 - 0x00007ffc6cb49000 	C:\WINDOWS\SYSTEM32\WSOCK32.dll
0x00007ffc6fdb0000 - 0x00007ffc6fdd3000 	C:\WINDOWS\SYSTEM32\WINMM.dll
0x00007ffc761c0000 - 0x00007ffc7622c000 	C:\WINDOWS\System32\WS2_32.dll
0x00007ffc6d0f0000 - 0x00007ffc6d0fa000 	C:\WINDOWS\SYSTEM32\VERSION.dll
0x00007ffc6fd50000 - 0x00007ffc6fd7a000 	C:\WINDOWS\SYSTEM32\winmmbase.dll
0x00007ffc73b40000 - 0x00007ffc73b8a000 	C:\WINDOWS\System32\cfgmgr32.dll
0x0000000070c20000 - 0x0000000070c2f000 	C:\Program Files\Java\jre1.8.0_161\bin\verify.dll
0x0000000070bf0000 - 0x0000000070c19000 	C:\Program Files\Java\jre1.8.0_161\bin\java.dll
0x0000000070bd0000 - 0x0000000070be6000 	C:\Program Files\Java\jre1.8.0_161\bin\zip.dll
0x00007ffc748b0000 - 0x00007ffc75ce6000 	C:\WINDOWS\System32\SHELL32.dll
0x00007ffc763e0000 - 0x00007ffc76486000 	C:\WINDOWS\System32\shcore.dll
0x00007ffc73280000 - 0x00007ffc739c7000 	C:\WINDOWS\System32\windows.storage.dll
0x00007ffc764c0000 - 0x00007ffc76511000 	C:\WINDOWS\System32\shlwapi.dll
0x00007ffc72dd0000 - 0x00007ffc72de1000 	C:\WINDOWS\System32\kernel.appcore.dll
0x00007ffc72d80000 - 0x00007ffc72dcc000 	C:\WINDOWS\System32\powrprof.dll
0x00007ffc72d40000 - 0x00007ffc72d5b000 	C:\WINDOWS\System32\profapi.dll
0x0000000004c40000 - 0x0000000004c43000 	C:\Program Files\Java\jre1.8.0_161\bin\api-ms-win-core-console-l1-1-0.dll
0x0000000004c50000 - 0x0000000004c53000 	C:\Program Files\Java\jre1.8.0_161\bin\api-ms-win-core-datetime-l1-1-0.dll
0x0000000022120000 - 0x0000000022123000 	C:\Program Files\Java\jre1.8.0_161\bin\api-ms-win-core-debug-l1-1-0.dll
0x0000000022130000 - 0x0000000022133000 	C:\Program Files\Java\jre1.8.0_161\bin\api-ms-win-core-errorhandling-l1-1-0.dll
0x0000000022140000 - 0x0000000022144000 	C:\Program Files\Java\jre1.8.0_161\bin\api-ms-win-core-file-l1-1-0.dll
0x0000000022150000 - 0x0000000022153000 	C:\Program Files\Java\jre1.8.0_161\bin\api-ms-win-core-file-l1-2-0.dll
0x0000000022160000 - 0x0000000022163000 	C:\Program Files\Java\jre1.8.0_161\bin\api-ms-win-core-file-l2-1-0.dll
0x0000000022170000 - 0x0000000022173000 	C:\Program Files\Java\jre1.8.0_161\bin\api-ms-win-core-handle-l1-1-0.dll
0x0000000022180000 - 0x0000000022183000 	C:\Program Files\Java\jre1.8.0_161\bin\api-ms-win-core-heap-l1-1-0.dll
0x0000000022190000 - 0x0000000022193000 	C:\Program Files\Java\jre1.8.0_161\bin\api-ms-win-core-interlocked-l1-1-0.dll
0x00000000221a0000 - 0x00000000221a3000 	C:\Program Files\Java\jre1.8.0_161\bin\api-ms-win-core-libraryloader-l1-1-0.dll
0x00000000221b0000 - 0x00000000221b3000 	C:\Program Files\Java\jre1.8.0_161\bin\api-ms-win-core-localization-l1-2-0.dll
0x00000000221c0000 - 0x00000000221c3000 	C:\Program Files\Java\jre1.8.0_161\bin\api-ms-win-core-memory-l1-1-0.dll
0x00000000221d0000 - 0x00000000221d3000 	C:\Program Files\Java\jre1.8.0_161\bin\api-ms-win-core-namedpipe-l1-1-0.dll
0x00000000221e0000 - 0x00000000221e3000 	C:\Program Files\Java\jre1.8.0_161\bin\api-ms-win-core-processenvironment-l1-1-0.dll
0x00000000221f0000 - 0x00000000221f3000 	C:\Program Files\Java\jre1.8.0_161\bin\api-ms-win-core-processthreads-l1-1-0.dll
0x0000000022200000 - 0x0000000022203000 	C:\Program Files\Java\jre1.8.0_161\bin\api-ms-win-core-processthreads-l1-1-1.dll
0x0000000022210000 - 0x0000000022213000 	C:\Program Files\Java\jre1.8.0_161\bin\api-ms-win-core-profile-l1-1-0.dll
0x0000000022220000 - 0x0000000022223000 	C:\Program Files\Java\jre1.8.0_161\bin\api-ms-win-core-rtlsupport-l1-1-0.dll
0x0000000022230000 - 0x0000000022233000 	C:\Program Files\Java\jre1.8.0_161\bin\api-ms-win-core-string-l1-1-0.dll
0x0000000022240000 - 0x0000000022243000 	C:\Program Files\Java\jre1.8.0_161\bin\api-ms-win-core-synch-l1-1-0.dll
0x0000000022250000 - 0x0000000022253000 	C:\Program Files\Java\jre1.8.0_161\bin\api-ms-win-core-synch-l1-2-0.dll
0x0000000022260000 - 0x0000000022263000 	C:\Program Files\Java\jre1.8.0_161\bin\api-ms-win-core-sysinfo-l1-1-0.dll
0x0000000022270000 - 0x0000000022273000 	C:\Program Files\Java\jre1.8.0_161\bin\api-ms-win-core-timezone-l1-1-0.dll
0x0000000022280000 - 0x0000000022283000 	C:\Program Files\Java\jre1.8.0_161\bin\api-ms-win-core-util-l1-1-0.dll
0x0000000022290000 - 0x0000000022293000 	C:\Program Files\Java\jre1.8.0_161\bin\api-ms-win-crt-conio-l1-1-0.dll
0x00000000222a0000 - 0x00000000222a4000 	C:\Program Files\Java\jre1.8.0_161\bin\api-ms-win-crt-convert-l1-1-0.dll
0x00000000222b0000 - 0x00000000222b3000 	C:\Program Files\Java\jre1.8.0_161\bin\api-ms-win-crt-environment-l1-1-0.dll
0x00000000222c0000 - 0x00000000222c3000 	C:\Program Files\Java\jre1.8.0_161\bin\api-ms-win-crt-filesystem-l1-1-0.dll
0x00000000222d0000 - 0x00000000222d3000 	C:\Program Files\Java\jre1.8.0_161\bin\api-ms-win-crt-heap-l1-1-0.dll
0x00000000222e0000 - 0x00000000222e3000 	C:\Program Files\Java\jre1.8.0_161\bin\api-ms-win-crt-locale-l1-1-0.dll
0x00000000222f0000 - 0x00000000222f5000 	C:\Program Files\Java\jre1.8.0_161\bin\api-ms-win-crt-math-l1-1-0.dll
0x0000000022300000 - 0x0000000022305000 	C:\Program Files\Java\jre1.8.0_161\bin\api-ms-win-crt-multibyte-l1-1-0.dll
0x0000000022310000 - 0x0000000022320000 	C:\Program Files\Java\jre1.8.0_161\bin\api-ms-win-crt-private-l1-1-0.dll
0x0000000022320000 - 0x0000000022323000 	C:\Program Files\Java\jre1.8.0_161\bin\api-ms-win-crt-process-l1-1-0.dll
0x0000000022330000 - 0x0000000022334000 	C:\Program Files\Java\jre1.8.0_161\bin\api-ms-win-crt-runtime-l1-1-0.dll
0x0000000022340000 - 0x0000000022344000 	C:\Program Files\Java\jre1.8.0_161\bin\api-ms-win-crt-stdio-l1-1-0.dll
0x0000000022350000 - 0x0000000022354000 	C:\Program Files\Java\jre1.8.0_161\bin\api-ms-win-crt-string-l1-1-0.dll
0x0000000022360000 - 0x0000000022363000 	C:\Program Files\Java\jre1.8.0_161\bin\api-ms-win-crt-time-l1-1-0.dll
0x0000000022370000 - 0x0000000022373000 	C:\Program Files\Java\jre1.8.0_161\bin\api-ms-win-crt-utility-l1-1-0.dll
0x00007ffc539c0000 - 0x00007ffc53ab6000 	C:\Program Files\Java\jre1.8.0_161\bin\ucrtbase.dll
0x00007ffc5d300000 - 0x00007ffc5d351000 	C:\Program Files\Java\jre1.8.0_161\bin\concrt140.dll
0x00007ffc6b890000 - 0x00007ffc6b8a6000 	C:\Program Files\Java\jre1.8.0_161\bin\VCRUNTIME140.dll
0x00007ffc5b9a0000 - 0x00007ffc5ba3c000 	C:\Program Files\Java\jre1.8.0_161\bin\MSVCP140.dll
0x0000000070b20000 - 0x0000000070b43000 	C:\Program Files\Java\jre1.8.0_161\bin\prism_d3d.dll
0x00007ffc463a0000 - 0x00007ffc46535000 	C:\WINDOWS\system32\d3d9.dll
0x00007ffc715f0000 - 0x00007ffc7161a000 	C:\WINDOWS\SYSTEM32\dwmapi.dll
0x00007ffc71330000 - 0x00007ffc713c5000 	C:\WINDOWS\system32\uxtheme.dll
0x00007ffc6bbb0000 - 0x00007ffc6bc9a000 	C:\WINDOWS\System32\DriverStore\FileRepository\nv_ref_pubwu.inf_amd64_2e7fa54192fe16d0\nvldumdx.dll
0x00007ffc73b90000 - 0x00007ffc73d5e000 	C:\WINDOWS\System32\crypt32.dll
0x00007ffc72d60000 - 0x00007ffc72d72000 	C:\WINDOWS\System32\MSASN1.dll
0x00007ffc73e60000 - 0x00007ffc73eb8000 	C:\WINDOWS\System32\WINTRUST.DLL
0x00007ffc761a0000 - 0x00007ffc761bd000 	C:\WINDOWS\System32\imagehlp.dll
0x00007ffc72790000 - 0x00007ffc727a7000 	C:\WINDOWS\SYSTEM32\CRYPTSP.dll
0x00007ffc721e0000 - 0x00007ffc72213000 	C:\WINDOWS\system32\rsaenh.dll
0x00007ffc728a0000 - 0x00007ffc728c5000 	C:\WINDOWS\SYSTEM32\bcrypt.dll
0x00007ffc727b0000 - 0x00007ffc727bb000 	C:\WINDOWS\SYSTEM32\CRYPTBASE.dll
0x00007ffc1c830000 - 0x00007ffc1da06000 	C:\WINDOWS\System32\DriverStore\FileRepository\nv_ref_pubwu.inf_amd64_2e7fa54192fe16d0\nvd3dumx.dll
0x00007ffc5ae60000 - 0x00007ffc5b037000 	C:\WINDOWS\system32\nvspcap64.dll
0x00007ffc76860000 - 0x00007ffc769a9000 	C:\WINDOWS\System32\ole32.dll
0x00007ffc747e0000 - 0x00007ffc748a5000 	C:\WINDOWS\System32\OLEAUT32.dll
0x00007ffc75d50000 - 0x00007ffc7619e000 	C:\WINDOWS\System32\SETUPAPI.dll
0x00007ffc6ed70000 - 0x00007ffc6ee4e000 	C:\WINDOWS\SYSTEM32\WINHTTP.dll
0x00007ffc6f780000 - 0x00007ffc6f793000 	C:\WINDOWS\SYSTEM32\WTSAPI32.dll
0x00007ffc6c0a0000 - 0x00007ffc6c520000 	C:\WINDOWS\system32\nvapi64.dll
0x00007ffc71bb0000 - 0x00007ffc71c5f000 	C:\WINDOWS\SYSTEM32\dxgi.dll
0x00007ffc72b50000 - 0x00007ffc72b77000 	C:\WINDOWS\SYSTEM32\DEVOBJ.dll
0x0000000070ad0000 - 0x0000000070b19000 	C:\Program Files\Java\jre1.8.0_161\bin\glass.dll
0x00007ffc762d0000 - 0x00007ffc763da000 	C:\WINDOWS\System32\COMDLG32.dll
0x00007ffc73ec0000 - 0x00007ffc74027000 	C:\WINDOWS\System32\MSCTF.dll
0x00007ffc6a3f0000 - 0x00007ffc6a4db000 	C:\Program Files (x86)\NVIDIA Corporation\3D Vision\nvSCPAPI64.dll
0x00007ffc76230000 - 0x00007ffc762ce000 	C:\WINDOWS\System32\clbcatq.dll
0x00007ffc72ba0000 - 0x00007ffc72c3a000 	C:\WINDOWS\SYSTEM32\sxs.dll
0x00007ffc6eb50000 - 0x00007ffc6ecfb000 	C:\WINDOWS\SYSTEM32\WindowsCodecs.dll
0x00007ffc5cd00000 - 0x00007ffc5cd4f000 	C:\WINDOWS\system32\dataexchange.dll
0x00007ffc70340000 - 0x00007ffc70621000 	C:\WINDOWS\system32\d3d11.dll
0x00007ffc70cd0000 - 0x00007ffc70e12000 	C:\WINDOWS\system32\dcomp.dll
0x00007ffc71620000 - 0x00007ffc7179b000 	C:\WINDOWS\system32\twinapi.appcore.dll
0x00007ffc718a0000 - 0x00007ffc718c0000 	C:\WINDOWS\system32\RMCLIENT.dll
0x00007ffc6cb80000 - 0x00007ffc6cbb4000 	C:\Program Files\Common Files\Microsoft Shared\Ink\rtscom.dll
0x00007ffc6b9e0000 - 0x00007ffc6ba78000 	C:\WINDOWS\System32\TextInputFramework.dll
0x00007ffc6e520000 - 0x00007ffc6e80e000 	C:\WINDOWS\System32\CoreUIComponents.dll
0x00007ffc70bf0000 - 0x00007ffc70ccd000 	C:\WINDOWS\System32\CoreMessaging.dll
0x00007ffc6e2f0000 - 0x00007ffc6e426000 	C:\WINDOWS\SYSTEM32\wintypes.dll
0x00007ffc71e80000 - 0x00007ffc71eb1000 	C:\WINDOWS\SYSTEM32\ntmarta.dll
0x0000000070b50000 - 0x0000000070b5d000 	C:\Program Files\Java\jre1.8.0_161\bin\management.dll
0x0000000070bb0000 - 0x0000000070bca000 	C:\Program Files\Java\jre1.8.0_161\bin\net.dll
0x00007ffc725d0000 - 0x00007ffc72636000 	C:\WINDOWS\system32\mswsock.dll
0x00007ffc5a910000 - 0x00007ffc5a926000 	C:\WINDOWS\system32\napinsp.dll
0x00007ffc5a7c0000 - 0x00007ffc5a7da000 	C:\WINDOWS\system32\pnrpnsp.dll
0x00007ffc6fbc0000 - 0x00007ffc6fbd8000 	C:\WINDOWS\system32\NLAapi.dll

VM Arguments:
jvm_args: -Dfile.encoding=UTF-8 
java_command: com.QuestCardGame.GameMain.QuestCardGame
java_class_path (initial): C:\Program Files\Java\jre1.8.0_161\lib\resources.jar;C:\Program Files\Java\jre1.8.0_161\lib\rt.jar;C:\Program Files\Java\jre1.8.0_161\lib\jsse.jar;C:\Program Files\Java\jre1.8.0_161\lib\jce.jar;C:\Program Files\Java\jre1.8.0_161\lib\charsets.jar;C:\Program Files\Java\jre1.8.0_161\lib\jfr.jar;C:\Program Files\Java\jre1.8.0_161\lib\ext\access-bridge-64.jar;C:\Program Files\Java\jre1.8.0_161\lib\ext\cldrdata.jar;C:\Program Files\Java\jre1.8.0_161\lib\ext\dnsns.jar;C:\Program Files\Java\jre1.8.0_161\lib\ext\jaccess.jar;C:\Program Files\Java\jre1.8.0_161\lib\ext\jfxrt.jar;C:\Program Files\Java\jre1.8.0_161\lib\ext\localedata.jar;C:\Program Files\Java\jre1.8.0_161\lib\ext\nashorn.jar;C:\Program Files\Java\jre1.8.0_161\lib\ext\sunec.jar;C:\Program Files\Java\jre1.8.0_161\lib\ext\sunjce_provider.jar;C:\Program Files\Java\jre1.8.0_161\lib\ext\sunmscapi.jar;C:\Program Files\Java\jre1.8.0_161\lib\ext\sunpkcs11.jar;C:\Program Files\Java\jre1.8.0_161\lib\ext\zipfs.jar;C:\Users\ruich\git\QuestCardGame\GameMain\target\classes;C:\Users\ruich\.m2\repository\org\apache\logging\log4j\log4j-api\2.10.0\log4j-api-2.10.0.jar;C:\Users\ruich\.m2\repository\org\apache\logging\log4j\log4j-core\2.10.0\log4j-core-2.10.0.jar
Launcher Type: SUN_STANDARD

Environment Variables:
JAVA_HOME=C:\Program Files\Java\jdk1.8.0_161
PATH=C:/Program Files/Java/jre1.8.0_161/bin/server;C:/Program Files/Java/jre1.8.0_161/bin;C:/Program Files/Java/jre1.8.0_161/lib/amd64;C:\ProgramData\Oracle\Java\javapath;C:\WINDOWS\system32;C:\WINDOWS;C:\WINDOWS\System32\Wbem;C:\WINDOWS\System32\WindowsPowerShell\v1.0\;C:\Program Files\Java\jdk1.8.0_161\bin;C:\Program Files\Java\jdk1.8.0_161\jre\bin;C:\Users\ruich\Documents\apache-maven-3.5.2\bin;C:\Users\ruich\AppData\Local\Microsoft\WindowsApps;C:\Users\ruich\AppData\Local\GitHubDesktop\bin;E:\eclipse;
USERNAME=Richard
OS=Windows_NT
PROCESSOR_IDENTIFIER=Intel64 Family 6 Model 60 Stepping 3, GenuineIntel



---------------  S Y S T E M  ---------------

OS: Windows 10.0 , 64 bit Build 16299 (10.0.16299.15)

CPU:total 8 (initial active 8) (4 cores per cpu, 2 threads per core) family 6 model 60 stepping 3, cmov, cx8, fxsr, mmx, sse, sse2, sse3, ssse3, sse4.1, sse4.2, popcnt, avx, avx2, aes, clmul, erms, lzcnt, ht, tsc, tscinvbit, bmi1, bmi2

Memory: 4k page, physical 16630816k(6553056k free), swap 32195868k(3084k free)

vm_info: Java HotSpot(TM) 64-Bit Server VM (25.161-b12) for windows-amd64 JRE (1.8.0_161-b12), built on Dec 19 2017 17:52:25 by "java_re" with MS VC++ 10.0 (VS2010)

time: Wed Feb 28 23:38:15 2018
elapsed time: 1 seconds (0d 0h 0m 1s)

